[32m2024-02-25 00:10:14.327[0;39m [INFO] org.springframework.boot.admin.SpringApplicationAdminMXBeanRegistrar$SpringApplicationAdmin [RMI TCP Connection(380)-127.0.0.1] Application shutdown requested.
[32m2024-02-25 00:10:14.642[0;39m [INFO] org.apache.catalina.core.StandardService [RMI TCP Connection(380)-127.0.0.1] Stopping service [Tomcat]
[32m2024-02-25 00:10:14.657[0;39m [INFO] org.apache.catalina.core.ContainerBase.[Tomcat].[localhost].[/] [RMI TCP Connection(380)-127.0.0.1] Destroying Spring FrameworkServlet 'dispatcherServlet'
[32m2024-02-25 00:10:14.697[0;39m [WARN] org.apache.catalina.loader.WebappClassLoaderBase [RMI TCP Connection(380)-127.0.0.1] The web application [ROOT] appears to have started a thread named [HikariPool-1 housekeeper] but has failed to stop it. This is very likely to create a memory leak. Stack trace of thread:
 java.base@17.0.9/jdk.internal.misc.Unsafe.park(Native Method)
 java.base@17.0.9/java.util.concurrent.locks.LockSupport.parkNanos(LockSupport.java:252)
 java.base@17.0.9/java.util.concurrent.locks.AbstractQueuedSynchronizer$ConditionObject.awaitNanos(AbstractQueuedSynchronizer.java:1672)
 java.base@17.0.9/java.util.concurrent.ScheduledThreadPoolExecutor$DelayedWorkQueue.take(ScheduledThreadPoolExecutor.java:1182)
 java.base@17.0.9/java.util.concurrent.ScheduledThreadPoolExecutor$DelayedWorkQueue.take(ScheduledThreadPoolExecutor.java:899)
 java.base@17.0.9/java.util.concurrent.ThreadPoolExecutor.getTask(ThreadPoolExecutor.java:1062)
 java.base@17.0.9/java.util.concurrent.ThreadPoolExecutor.runWorker(ThreadPoolExecutor.java:1122)
 java.base@17.0.9/java.util.concurrent.ThreadPoolExecutor$Worker.run(ThreadPoolExecutor.java:635)
 java.base@17.0.9/java.lang.Thread.run(Thread.java:840)
[32m2024-02-25 00:10:14.799[0;39m [INFO] org.springframework.orm.jpa.LocalContainerEntityManagerFactoryBean [RMI TCP Connection(380)-127.0.0.1] Closing JPA EntityManagerFactory for persistence unit 'default'
[32m2024-02-25 00:10:14.871[0;39m [INFO] com.zaxxer.hikari.HikariDataSource [RMI TCP Connection(380)-127.0.0.1] HikariPool-1 - Shutdown initiated...
[32m2024-02-25 00:10:14.939[0;39m [INFO] com.zaxxer.hikari.HikariDataSource [RMI TCP Connection(380)-127.0.0.1] HikariPool-1 - Shutdown completed.
[32m2024-02-25 09:23:42.715[0;39m [INFO] com.hexaware.roadready.RoadReadyApplication [main] Starting RoadReadyApplication using Java 17.0.9 with PID 16420 (C:\RoadReady\RoadReady\RoadReady\target\classes started by DELL in C:\RoadReady\RoadReady\RoadReady)
[32m2024-02-25 09:23:42.719[0;39m [INFO] com.hexaware.roadready.RoadReadyApplication [main] No active profile set, falling back to 1 default profile: "default"
[32m2024-02-25 09:23:44.428[0;39m [INFO] org.springframework.data.repository.config.RepositoryConfigurationDelegate [main] Bootstrapping Spring Data JPA repositories in DEFAULT mode.
[32m2024-02-25 09:23:44.545[0;39m [INFO] org.springframework.data.repository.config.RepositoryConfigurationDelegate [main] Finished Spring Data repository scanning in 102 ms. Found 8 JPA repository interfaces.
[32m2024-02-25 09:23:45.316[0;39m [INFO] org.springframework.boot.web.embedded.tomcat.TomcatWebServer [main] Tomcat initialized with port(s): 8080 (http)
[32m2024-02-25 09:23:45.335[0;39m [INFO] org.apache.catalina.core.StandardService [main] Starting service [Tomcat]
[32m2024-02-25 09:23:45.337[0;39m [INFO] org.apache.catalina.core.StandardEngine [main] Starting Servlet engine: [Apache Tomcat/10.1.18]
[32m2024-02-25 09:23:45.508[0;39m [INFO] org.apache.catalina.core.ContainerBase.[Tomcat].[localhost].[/] [main] Initializing Spring embedded WebApplicationContext
[32m2024-02-25 09:23:45.508[0;39m [INFO] org.springframework.boot.web.servlet.context.ServletWebServerApplicationContext [main] Root WebApplicationContext: initialization completed in 2734 ms
[32m2024-02-25 09:23:45.715[0;39m [INFO] org.hibernate.jpa.internal.util.LogHelper [main] HHH000204: Processing PersistenceUnitInfo [name: default]
[32m2024-02-25 09:23:45.834[0;39m [INFO] org.hibernate.Version [main] HHH000412: Hibernate ORM core version 6.2.20.Final
[32m2024-02-25 09:23:45.839[0;39m [INFO] org.hibernate.cfg.Environment [main] HHH000406: Using bytecode reflection optimizer
[32m2024-02-25 09:23:46.274[0;39m [INFO] org.springframework.orm.jpa.persistenceunit.SpringPersistenceUnitInfo [main] No LoadTimeWeaver setup: ignoring JPA class transformer
[32m2024-02-25 09:23:46.332[0;39m [INFO] com.zaxxer.hikari.HikariDataSource [main] HikariPool-1 - Starting...
[32m2024-02-25 09:23:46.797[0;39m [INFO] com.zaxxer.hikari.pool.HikariPool [main] HikariPool-1 - Added connection com.mysql.cj.jdbc.ConnectionImpl@1ff542a3
[32m2024-02-25 09:23:46.801[0;39m [INFO] com.zaxxer.hikari.HikariDataSource [main] HikariPool-1 - Start completed.
[32m2024-02-25 09:23:46.974[0;39m [WARN] org.hibernate.orm.deprecation [main] HHH90000025: MySQL8Dialect does not need to be specified explicitly using 'hibernate.dialect' (remove the property setting and it will be selected by default)
[32m2024-02-25 09:23:46.977[0;39m [WARN] org.hibernate.orm.deprecation [main] HHH90000026: MySQL8Dialect has been deprecated; use org.hibernate.dialect.MySQLDialect instead
[32m2024-02-25 09:23:48.443[0;39m [INFO] org.hibernate.engine.transaction.jta.platform.internal.JtaPlatformInitiator [main] HHH000489: No JTA platform available (set 'hibernate.transaction.jta.platform' to enable JTA platform integration)
[32m2024-02-25 09:23:48.854[0;39m [INFO] org.springframework.orm.jpa.LocalContainerEntityManagerFactoryBean [main] Initialized JPA EntityManagerFactory for persistence unit 'default'
[32m2024-02-25 09:23:49.395[0;39m [INFO] org.springframework.data.jpa.repository.query.QueryEnhancerFactory [main] Hibernate is in classpath; If applicable, HQL parser will be used.
[32m2024-02-25 09:23:50.288[0;39m [WARN] org.springframework.boot.autoconfigure.orm.jpa.JpaBaseConfiguration$JpaWebConfiguration [main] spring.jpa.open-in-view is enabled by default. Therefore, database queries may be performed during view rendering. Explicitly configure spring.jpa.open-in-view to disable this warning
[32m2024-02-25 09:23:51.096[0;39m [INFO] org.springframework.security.web.DefaultSecurityFilterChain [main] Will secure any request with [org.springframework.security.web.session.DisableEncodeUrlFilter@6f3a8d5e, org.springframework.security.web.context.request.async.WebAsyncManagerIntegrationFilter@680f7a5e, org.springframework.security.web.context.SecurityContextHolderFilter@62c4ad40, org.springframework.security.web.header.HeaderWriterFilter@392da875, org.springframework.web.filter.CorsFilter@ee7a538, org.springframework.security.web.authentication.logout.LogoutFilter@2f84848e, com.hexaware.roadready.filter.JwtAuthFilter@253c7189, org.springframework.security.web.savedrequest.RequestCacheAwareFilter@9bc10bd, org.springframework.security.web.servletapi.SecurityContextHolderAwareRequestFilter@2e26841f, org.springframework.security.web.authentication.AnonymousAuthenticationFilter@3005133e, org.springframework.security.web.session.SessionManagementFilter@4567dcbc, org.springframework.security.web.access.ExceptionTranslationFilter@664c0019, org.springframework.security.web.access.intercept.AuthorizationFilter@1e33203f]
[32m2024-02-25 09:23:51.526[0;39m [INFO] org.springframework.boot.web.embedded.tomcat.TomcatWebServer [main] Tomcat started on port(s): 8080 (http) with context path ''
[32m2024-02-25 09:23:51.536[0;39m [INFO] com.hexaware.roadready.RoadReadyApplication [main] Started RoadReadyApplication in 9.321 seconds (process running for 10.096)
[32m2024-02-25 09:24:07.838[0;39m [INFO] org.apache.catalina.core.ContainerBase.[Tomcat].[localhost].[/] [http-nio-8080-exec-1] Initializing Spring DispatcherServlet 'dispatcherServlet'
[32m2024-02-25 09:24:07.838[0;39m [INFO] org.springframework.web.servlet.DispatcherServlet [http-nio-8080-exec-1] Initializing Servlet 'dispatcherServlet'
[32m2024-02-25 09:24:07.839[0;39m [INFO] org.springframework.web.servlet.DispatcherServlet [http-nio-8080-exec-1] Completed initialization in 1 ms
[32m2024-02-25 09:24:07.910[0;39m [INFO] com.hexaware.roadready.service.CarServiceImpl [http-nio-8080-exec-1] List of cars that are available at the moment
[32m2024-02-25 09:39:16.275[0;39m [INFO] com.hexaware.roadready.service.CarServiceImpl [http-nio-8080-exec-3] List of cars that are available at the moment
[32m2024-02-25 09:40:15.053[0;39m [INFO] com.hexaware.roadready.service.CarServiceImpl [http-nio-8080-exec-2] List of cars that are available at the moment
[32m2024-02-25 09:50:22.896[0;39m [INFO] com.hexaware.roadready.service.CarServiceImpl [http-nio-8080-exec-8] List of cars that are available at the moment
[32m2024-02-25 09:51:19.582[0;39m [INFO] com.hexaware.roadready.service.CarServiceImpl [http-nio-8080-exec-9] List of cars that are available at the moment
[32m2024-02-25 09:51:23.069[0;39m [INFO] com.hexaware.roadready.service.CarServiceImpl [http-nio-8080-exec-10] List of cars that are available at the moment
[32m2024-02-25 09:52:06.223[0;39m [INFO] com.hexaware.roadready.service.CarServiceImpl [http-nio-8080-exec-4] List of cars that are available at the moment
[32m2024-02-25 09:52:18.491[0;39m [INFO] com.hexaware.roadready.service.CarServiceImpl [http-nio-8080-exec-5] List of cars that are available at the moment
[32m2024-02-25 09:54:35.351[0;39m [INFO] com.hexaware.roadready.service.CarServiceImpl [http-nio-8080-exec-7] List of cars that are available at the moment
[32m2024-02-25 09:54:37.358[0;39m [INFO] com.hexaware.roadready.service.CarServiceImpl [http-nio-8080-exec-8] List of cars that are available at the moment
[32m2024-02-25 09:54:44.294[0;39m [INFO] com.hexaware.roadready.service.CarServiceImpl [http-nio-8080-exec-6] List of cars that are available at the moment
[32m2024-02-25 09:54:47.002[0;39m [INFO] com.hexaware.roadready.service.CarServiceImpl [http-nio-8080-exec-10] List of cars that are available at the moment
[32m2024-02-25 09:54:54.781[0;39m [INFO] com.hexaware.roadready.service.CarServiceImpl [http-nio-8080-exec-1] List of cars that are available at the moment
[32m2024-02-25 09:54:57.784[0;39m [INFO] com.hexaware.roadready.service.CarServiceImpl [http-nio-8080-exec-3] List of cars that are available at the moment
[32m2024-02-25 09:55:04.353[0;39m [INFO] com.hexaware.roadready.service.CarServiceImpl [http-nio-8080-exec-5] List of cars that are available at the moment
[32m2024-02-25 09:55:12.508[0;39m [INFO] com.hexaware.roadready.service.CarServiceImpl [http-nio-8080-exec-7] List of cars that are available at the moment
[32m2024-02-25 09:55:15.382[0;39m [INFO] com.hexaware.roadready.service.CarServiceImpl [http-nio-8080-exec-6] List of cars that are available at the moment
[32m2024-02-25 09:55:27.986[0;39m [INFO] com.hexaware.roadready.service.CarServiceImpl [http-nio-8080-exec-10] List of cars that are available at the moment
[32m2024-02-25 09:55:30.948[0;39m [INFO] com.hexaware.roadready.service.CarServiceImpl [http-nio-8080-exec-1] List of cars that are available at the moment
[32m2024-02-25 09:55:33.401[0;39m [INFO] com.hexaware.roadready.service.CarServiceImpl [http-nio-8080-exec-4] List of cars that are available at the moment
[32m2024-02-25 09:55:38.353[0;39m [INFO] com.hexaware.roadready.service.CarServiceImpl [http-nio-8080-exec-5] List of cars that are available at the moment
[32m2024-02-25 09:55:41.367[0;39m [INFO] com.hexaware.roadready.service.CarServiceImpl [http-nio-8080-exec-2] List of cars that are available at the moment
[32m2024-02-25 09:58:12.894[0;39m [INFO] com.hexaware.roadready.service.CarServiceImpl [http-nio-8080-exec-8] List of cars that are available at the moment
[32m2024-02-25 09:58:28.552[0;39m [INFO] com.hexaware.roadready.service.CarServiceImpl [http-nio-8080-exec-6] List of cars that are available at the moment
[32m2024-02-25 09:58:58.309[0;39m [INFO] com.hexaware.roadready.service.CarServiceImpl [http-nio-8080-exec-9] List of cars that are available at the moment
[32m2024-02-25 09:59:02.603[0;39m [INFO] com.hexaware.roadready.service.CarServiceImpl [http-nio-8080-exec-10] List of cars that are available at the moment
[32m2024-02-25 09:59:11.078[0;39m [INFO] com.hexaware.roadready.service.CarServiceImpl [http-nio-8080-exec-1] List of cars that are available at the moment
[32m2024-02-25 09:59:16.823[0;39m [INFO] com.hexaware.roadready.service.CarServiceImpl [http-nio-8080-exec-4] List of cars that are available at the moment
[32m2024-02-25 10:00:00.481[0;39m [INFO] com.hexaware.roadready.service.CarServiceImpl [http-nio-8080-exec-3] List of cars that are available at the moment
[32m2024-02-25 10:00:02.283[0;39m [INFO] com.hexaware.roadready.service.CarServiceImpl [http-nio-8080-exec-5] List of cars that are available at the moment
[32m2024-02-25 10:00:04.707[0;39m [INFO] com.hexaware.roadready.service.CarServiceImpl [http-nio-8080-exec-2] List of cars that are available at the moment
[32m2024-02-25 10:27:15.463[0;39m [WARN] com.zaxxer.hikari.pool.HikariPool [HikariPool-1 housekeeper] HikariPool-1 - Thread starvation or clock leap detected (housekeeper delta=4m27s446ms293µs900ns).
[32m2024-02-25 10:36:13.805[0;39m [INFO] com.hexaware.roadready.service.CarServiceImpl [http-nio-8080-exec-8] List of cars that are available at the moment
[32m2024-02-25 10:55:44.770[0;39m [WARN] com.zaxxer.hikari.pool.HikariPool [HikariPool-1 housekeeper] HikariPool-1 - Thread starvation or clock leap detected (housekeeper delta=3m28s906ms473µs500ns).
[32m2024-02-25 11:07:35.210[0;39m [INFO] com.hexaware.roadready.service.CarServiceImpl [http-nio-8080-exec-9] List of cars that are available at the moment
[32m2024-02-25 11:23:37.539[0;39m [INFO] org.springframework.boot.admin.SpringApplicationAdminMXBeanRegistrar$SpringApplicationAdmin [RMI TCP Connection(122)-127.0.0.1] Application shutdown requested.
[32m2024-02-25 11:23:37.732[0;39m [INFO] org.apache.catalina.core.StandardService [RMI TCP Connection(122)-127.0.0.1] Stopping service [Tomcat]
[32m2024-02-25 11:23:37.747[0;39m [INFO] org.apache.catalina.core.ContainerBase.[Tomcat].[localhost].[/] [RMI TCP Connection(122)-127.0.0.1] Destroying Spring FrameworkServlet 'dispatcherServlet'
[32m2024-02-25 11:23:37.784[0;39m [WARN] org.apache.catalina.loader.WebappClassLoaderBase [RMI TCP Connection(122)-127.0.0.1] The web application [ROOT] appears to have started a thread named [HikariPool-1 housekeeper] but has failed to stop it. This is very likely to create a memory leak. Stack trace of thread:
 java.base@17.0.9/jdk.internal.misc.Unsafe.park(Native Method)
 java.base@17.0.9/java.util.concurrent.locks.LockSupport.parkNanos(LockSupport.java:252)
 java.base@17.0.9/java.util.concurrent.locks.AbstractQueuedSynchronizer$ConditionObject.awaitNanos(AbstractQueuedSynchronizer.java:1672)
 java.base@17.0.9/java.util.concurrent.ScheduledThreadPoolExecutor$DelayedWorkQueue.take(ScheduledThreadPoolExecutor.java:1182)
 java.base@17.0.9/java.util.concurrent.ScheduledThreadPoolExecutor$DelayedWorkQueue.take(ScheduledThreadPoolExecutor.java:899)
 java.base@17.0.9/java.util.concurrent.ThreadPoolExecutor.getTask(ThreadPoolExecutor.java:1062)
 java.base@17.0.9/java.util.concurrent.ThreadPoolExecutor.runWorker(ThreadPoolExecutor.java:1122)
 java.base@17.0.9/java.util.concurrent.ThreadPoolExecutor$Worker.run(ThreadPoolExecutor.java:635)
 java.base@17.0.9/java.lang.Thread.run(Thread.java:840)
[32m2024-02-25 11:23:37.854[0;39m [INFO] org.springframework.orm.jpa.LocalContainerEntityManagerFactoryBean [RMI TCP Connection(122)-127.0.0.1] Closing JPA EntityManagerFactory for persistence unit 'default'
[32m2024-02-25 11:23:37.901[0;39m [INFO] com.zaxxer.hikari.HikariDataSource [RMI TCP Connection(122)-127.0.0.1] HikariPool-1 - Shutdown initiated...
[32m2024-02-25 11:23:37.921[0;39m [INFO] com.zaxxer.hikari.HikariDataSource [RMI TCP Connection(122)-127.0.0.1] HikariPool-1 - Shutdown completed.
[32m2024-02-25 11:23:44.230[0;39m [INFO] com.hexaware.roadready.RoadReadyApplication [main] Starting RoadReadyApplication using Java 17.0.9 with PID 4956 (C:\RoadReady\RoadReady\RoadReady\target\classes started by DELL in C:\RoadReady\RoadReady\RoadReady)
[32m2024-02-25 11:23:44.232[0;39m [INFO] com.hexaware.roadready.RoadReadyApplication [main] No active profile set, falling back to 1 default profile: "default"
[32m2024-02-25 11:23:45.674[0;39m [INFO] org.springframework.data.repository.config.RepositoryConfigurationDelegate [main] Bootstrapping Spring Data JPA repositories in DEFAULT mode.
[32m2024-02-25 11:23:45.788[0;39m [INFO] org.springframework.data.repository.config.RepositoryConfigurationDelegate [main] Finished Spring Data repository scanning in 99 ms. Found 8 JPA repository interfaces.
[32m2024-02-25 11:23:46.502[0;39m [INFO] org.springframework.boot.web.embedded.tomcat.TomcatWebServer [main] Tomcat initialized with port(s): 8080 (http)
[32m2024-02-25 11:23:46.517[0;39m [INFO] org.apache.catalina.core.StandardService [main] Starting service [Tomcat]
[32m2024-02-25 11:23:46.517[0;39m [INFO] org.apache.catalina.core.StandardEngine [main] Starting Servlet engine: [Apache Tomcat/10.1.18]
[32m2024-02-25 11:23:46.656[0;39m [INFO] org.apache.catalina.core.ContainerBase.[Tomcat].[localhost].[/] [main] Initializing Spring embedded WebApplicationContext
[32m2024-02-25 11:23:46.656[0;39m [INFO] org.springframework.boot.web.servlet.context.ServletWebServerApplicationContext [main] Root WebApplicationContext: initialization completed in 2358 ms
[32m2024-02-25 11:23:46.834[0;39m [INFO] org.hibernate.jpa.internal.util.LogHelper [main] HHH000204: Processing PersistenceUnitInfo [name: default]
[32m2024-02-25 11:23:46.940[0;39m [INFO] org.hibernate.Version [main] HHH000412: Hibernate ORM core version 6.2.20.Final
[32m2024-02-25 11:23:46.945[0;39m [INFO] org.hibernate.cfg.Environment [main] HHH000406: Using bytecode reflection optimizer
[32m2024-02-25 11:23:47.330[0;39m [INFO] org.springframework.orm.jpa.persistenceunit.SpringPersistenceUnitInfo [main] No LoadTimeWeaver setup: ignoring JPA class transformer
[32m2024-02-25 11:23:47.388[0;39m [INFO] com.zaxxer.hikari.HikariDataSource [main] HikariPool-1 - Starting...
[32m2024-02-25 11:23:47.787[0;39m [INFO] com.zaxxer.hikari.pool.HikariPool [main] HikariPool-1 - Added connection com.mysql.cj.jdbc.ConnectionImpl@218f2f51
[32m2024-02-25 11:23:47.790[0;39m [INFO] com.zaxxer.hikari.HikariDataSource [main] HikariPool-1 - Start completed.
[32m2024-02-25 11:23:47.878[0;39m [WARN] org.hibernate.orm.deprecation [main] HHH90000025: MySQL8Dialect does not need to be specified explicitly using 'hibernate.dialect' (remove the property setting and it will be selected by default)
[32m2024-02-25 11:23:47.879[0;39m [WARN] org.hibernate.orm.deprecation [main] HHH90000026: MySQL8Dialect has been deprecated; use org.hibernate.dialect.MySQLDialect instead
[32m2024-02-25 11:23:49.285[0;39m [INFO] org.hibernate.engine.transaction.jta.platform.internal.JtaPlatformInitiator [main] HHH000489: No JTA platform available (set 'hibernate.transaction.jta.platform' to enable JTA platform integration)
[32m2024-02-25 11:23:49.461[0;39m [INFO] org.springframework.orm.jpa.LocalContainerEntityManagerFactoryBean [main] Initialized JPA EntityManagerFactory for persistence unit 'default'
[32m2024-02-25 11:23:49.970[0;39m [INFO] org.springframework.data.jpa.repository.query.QueryEnhancerFactory [main] Hibernate is in classpath; If applicable, HQL parser will be used.
[32m2024-02-25 11:23:50.720[0;39m [WARN] org.springframework.boot.autoconfigure.orm.jpa.JpaBaseConfiguration$JpaWebConfiguration [main] spring.jpa.open-in-view is enabled by default. Therefore, database queries may be performed during view rendering. Explicitly configure spring.jpa.open-in-view to disable this warning
[32m2024-02-25 11:23:51.478[0;39m [INFO] org.springframework.security.web.DefaultSecurityFilterChain [main] Will secure any request with [org.springframework.security.web.session.DisableEncodeUrlFilter@31829b82, org.springframework.security.web.context.request.async.WebAsyncManagerIntegrationFilter@2986e26f, org.springframework.security.web.context.SecurityContextHolderFilter@5f160f9c, org.springframework.security.web.header.HeaderWriterFilter@673ade3d, org.springframework.web.filter.CorsFilter@7c0ecdbf, org.springframework.security.web.authentication.logout.LogoutFilter@5c1348c6, com.hexaware.roadready.filter.JwtAuthFilter@77331437, org.springframework.security.web.savedrequest.RequestCacheAwareFilter@234a08ea, org.springframework.security.web.servletapi.SecurityContextHolderAwareRequestFilter@56d3e4a9, org.springframework.security.web.authentication.AnonymousAuthenticationFilter@fb74661, org.springframework.security.web.session.SessionManagementFilter@9bc10bd, org.springframework.security.web.access.ExceptionTranslationFilter@5a487b86, org.springframework.security.web.access.intercept.AuthorizationFilter@3005133e]
[32m2024-02-25 11:23:51.817[0;39m [INFO] org.springframework.boot.web.embedded.tomcat.TomcatWebServer [main] Tomcat started on port(s): 8080 (http) with context path ''
[32m2024-02-25 11:23:51.827[0;39m [INFO] com.hexaware.roadready.RoadReadyApplication [main] Started RoadReadyApplication in 8.037 seconds (process running for 8.962)
[32m2024-02-25 11:24:57.498[0;39m [INFO] org.springframework.boot.admin.SpringApplicationAdminMXBeanRegistrar$SpringApplicationAdmin [RMI TCP Connection(9)-127.0.0.1] Application shutdown requested.
[32m2024-02-25 11:24:57.511[0;39m [INFO] org.apache.catalina.core.StandardService [RMI TCP Connection(9)-127.0.0.1] Stopping service [Tomcat]
[32m2024-02-25 11:24:57.517[0;39m [WARN] org.apache.catalina.loader.WebappClassLoaderBase [RMI TCP Connection(9)-127.0.0.1] The web application [ROOT] appears to have started a thread named [HikariPool-1 housekeeper] but has failed to stop it. This is very likely to create a memory leak. Stack trace of thread:
 java.base@17.0.9/jdk.internal.misc.Unsafe.park(Native Method)
 java.base@17.0.9/java.util.concurrent.locks.LockSupport.parkNanos(LockSupport.java:252)
 java.base@17.0.9/java.util.concurrent.locks.AbstractQueuedSynchronizer$ConditionObject.awaitNanos(AbstractQueuedSynchronizer.java:1672)
 java.base@17.0.9/java.util.concurrent.ScheduledThreadPoolExecutor$DelayedWorkQueue.take(ScheduledThreadPoolExecutor.java:1182)
 java.base@17.0.9/java.util.concurrent.ScheduledThreadPoolExecutor$DelayedWorkQueue.take(ScheduledThreadPoolExecutor.java:899)
 java.base@17.0.9/java.util.concurrent.ThreadPoolExecutor.getTask(ThreadPoolExecutor.java:1062)
 java.base@17.0.9/java.util.concurrent.ThreadPoolExecutor.runWorker(ThreadPoolExecutor.java:1122)
 java.base@17.0.9/java.util.concurrent.ThreadPoolExecutor$Worker.run(ThreadPoolExecutor.java:635)
 java.base@17.0.9/java.lang.Thread.run(Thread.java:840)
[32m2024-02-25 11:24:57.529[0;39m [INFO] org.springframework.orm.jpa.LocalContainerEntityManagerFactoryBean [RMI TCP Connection(9)-127.0.0.1] Closing JPA EntityManagerFactory for persistence unit 'default'
[32m2024-02-25 11:24:57.532[0;39m [INFO] com.zaxxer.hikari.HikariDataSource [RMI TCP Connection(9)-127.0.0.1] HikariPool-1 - Shutdown initiated...
[32m2024-02-25 11:24:57.542[0;39m [INFO] com.zaxxer.hikari.HikariDataSource [RMI TCP Connection(9)-127.0.0.1] HikariPool-1 - Shutdown completed.
[32m2024-02-25 11:25:01.675[0;39m [INFO] com.hexaware.roadready.RoadReadyApplication [main] Starting RoadReadyApplication using Java 17.0.9 with PID 14288 (C:\RoadReady\RoadReady\RoadReady\target\classes started by DELL in C:\RoadReady\RoadReady\RoadReady)
[32m2024-02-25 11:25:01.678[0;39m [INFO] com.hexaware.roadready.RoadReadyApplication [main] No active profile set, falling back to 1 default profile: "default"
[32m2024-02-25 11:25:02.566[0;39m [INFO] org.springframework.data.repository.config.RepositoryConfigurationDelegate [main] Bootstrapping Spring Data JPA repositories in DEFAULT mode.
[32m2024-02-25 11:25:02.665[0;39m [INFO] org.springframework.data.repository.config.RepositoryConfigurationDelegate [main] Finished Spring Data repository scanning in 90 ms. Found 8 JPA repository interfaces.
[32m2024-02-25 11:25:03.370[0;39m [INFO] org.springframework.boot.web.embedded.tomcat.TomcatWebServer [main] Tomcat initialized with port(s): 8080 (http)
[32m2024-02-25 11:25:03.384[0;39m [INFO] org.apache.catalina.core.StandardService [main] Starting service [Tomcat]
[32m2024-02-25 11:25:03.384[0;39m [INFO] org.apache.catalina.core.StandardEngine [main] Starting Servlet engine: [Apache Tomcat/10.1.18]
[32m2024-02-25 11:25:03.529[0;39m [INFO] org.apache.catalina.core.ContainerBase.[Tomcat].[localhost].[/] [main] Initializing Spring embedded WebApplicationContext
[32m2024-02-25 11:25:03.530[0;39m [INFO] org.springframework.boot.web.servlet.context.ServletWebServerApplicationContext [main] Root WebApplicationContext: initialization completed in 1806 ms
[32m2024-02-25 11:25:03.709[0;39m [INFO] org.hibernate.jpa.internal.util.LogHelper [main] HHH000204: Processing PersistenceUnitInfo [name: default]
[32m2024-02-25 11:25:03.792[0;39m [INFO] org.hibernate.Version [main] HHH000412: Hibernate ORM core version 6.2.20.Final
[32m2024-02-25 11:25:03.796[0;39m [INFO] org.hibernate.cfg.Environment [main] HHH000406: Using bytecode reflection optimizer
[32m2024-02-25 11:25:04.096[0;39m [INFO] org.springframework.orm.jpa.persistenceunit.SpringPersistenceUnitInfo [main] No LoadTimeWeaver setup: ignoring JPA class transformer
[32m2024-02-25 11:25:04.137[0;39m [INFO] com.zaxxer.hikari.HikariDataSource [main] HikariPool-1 - Starting...
[32m2024-02-25 11:25:04.472[0;39m [INFO] com.zaxxer.hikari.pool.HikariPool [main] HikariPool-1 - Added connection com.mysql.cj.jdbc.ConnectionImpl@4272d8cf
[32m2024-02-25 11:25:04.474[0;39m [INFO] com.zaxxer.hikari.HikariDataSource [main] HikariPool-1 - Start completed.
[32m2024-02-25 11:25:04.531[0;39m [WARN] org.hibernate.orm.deprecation [main] HHH90000025: MySQL8Dialect does not need to be specified explicitly using 'hibernate.dialect' (remove the property setting and it will be selected by default)
[32m2024-02-25 11:25:04.534[0;39m [WARN] org.hibernate.orm.deprecation [main] HHH90000026: MySQL8Dialect has been deprecated; use org.hibernate.dialect.MySQLDialect instead
[32m2024-02-25 11:25:05.673[0;39m [INFO] org.hibernate.engine.transaction.jta.platform.internal.JtaPlatformInitiator [main] HHH000489: No JTA platform available (set 'hibernate.transaction.jta.platform' to enable JTA platform integration)
[32m2024-02-25 11:25:05.841[0;39m [INFO] org.springframework.orm.jpa.LocalContainerEntityManagerFactoryBean [main] Initialized JPA EntityManagerFactory for persistence unit 'default'
[32m2024-02-25 11:25:06.308[0;39m [INFO] org.springframework.data.jpa.repository.query.QueryEnhancerFactory [main] Hibernate is in classpath; If applicable, HQL parser will be used.
[32m2024-02-25 11:25:07.065[0;39m [WARN] org.springframework.boot.autoconfigure.orm.jpa.JpaBaseConfiguration$JpaWebConfiguration [main] spring.jpa.open-in-view is enabled by default. Therefore, database queries may be performed during view rendering. Explicitly configure spring.jpa.open-in-view to disable this warning
[32m2024-02-25 11:25:07.738[0;39m [INFO] org.springframework.security.web.DefaultSecurityFilterChain [main] Will secure any request with [org.springframework.security.web.session.DisableEncodeUrlFilter@453ef145, org.springframework.security.web.context.request.async.WebAsyncManagerIntegrationFilter@712ce4f1, org.springframework.security.web.context.SecurityContextHolderFilter@2542d320, org.springframework.security.web.header.HeaderWriterFilter@1d123972, org.springframework.web.filter.CorsFilter@4250b0c1, org.springframework.security.web.authentication.logout.LogoutFilter@6f3a8d5e, com.hexaware.roadready.filter.JwtAuthFilter@1b949de4, org.springframework.security.web.savedrequest.RequestCacheAwareFilter@66161fee, org.springframework.security.web.servletapi.SecurityContextHolderAwareRequestFilter@67127bb1, org.springframework.security.web.authentication.AnonymousAuthenticationFilter@3edd135d, org.springframework.security.web.session.SessionManagementFilter@39d666e0, org.springframework.security.web.access.ExceptionTranslationFilter@6aca85da, org.springframework.security.web.access.intercept.AuthorizationFilter@4b7feb38]
[32m2024-02-25 11:25:08.057[0;39m [INFO] org.springframework.boot.web.embedded.tomcat.TomcatWebServer [main] Tomcat started on port(s): 8080 (http) with context path ''
[32m2024-02-25 11:25:08.067[0;39m [INFO] com.hexaware.roadready.RoadReadyApplication [main] Started RoadReadyApplication in 6.81 seconds (process running for 7.555)
[32m2024-02-25 11:42:47.380[0;39m [WARN] com.zaxxer.hikari.pool.HikariPool [HikariPool-1 housekeeper] HikariPool-1 - Thread starvation or clock leap detected (housekeeper delta=2m12s536ms850µs100ns).
[32m2024-02-25 13:59:57.765[0;39m [INFO] org.apache.catalina.core.ContainerBase.[Tomcat].[localhost].[/] [http-nio-8080-exec-2] Initializing Spring DispatcherServlet 'dispatcherServlet'
[32m2024-02-25 13:59:57.797[0;39m [INFO] org.springframework.web.servlet.DispatcherServlet [http-nio-8080-exec-2] Initializing Servlet 'dispatcherServlet'
[32m2024-02-25 13:59:57.885[0;39m [INFO] org.springframework.web.servlet.DispatcherServlet [http-nio-8080-exec-2] Completed initialization in 84 ms
[32m2024-02-25 13:59:58.434[0;39m [INFO] com.hexaware.roadready.service.CarServiceImpl [http-nio-8080-exec-2] List of cars that are available at the moment
[32m2024-02-25 14:00:49.638[0;39m [INFO] com.hexaware.roadready.service.CarServiceImpl [http-nio-8080-exec-1] List of cars that are available at the moment
[32m2024-02-25 14:01:02.016[0;39m [INFO] com.hexaware.roadready.service.CarServiceImpl [http-nio-8080-exec-3] List of cars that are available at the moment
[32m2024-02-25 14:01:13.766[0;39m [INFO] com.hexaware.roadready.service.CarServiceImpl [http-nio-8080-exec-8] List of cars that are available at the moment
[32m2024-02-25 14:02:03.960[0;39m [INFO] com.hexaware.roadready.service.CarServiceImpl [http-nio-8080-exec-9] List of cars that are available at the moment
[32m2024-02-25 14:02:22.087[0;39m [INFO] com.hexaware.roadready.service.CarServiceImpl [http-nio-8080-exec-2] List of cars that are available at the moment
[32m2024-02-25 14:02:36.060[0;39m [INFO] com.hexaware.roadready.service.CarServiceImpl [http-nio-8080-exec-10] List of cars that are available at the moment
[32m2024-02-25 14:02:43.847[0;39m [INFO] com.hexaware.roadready.service.CarServiceImpl [http-nio-8080-exec-1] List of cars that are available at the moment
[32m2024-02-25 14:12:53.978[0;39m [INFO] com.hexaware.roadready.service.CarServiceImpl [http-nio-8080-exec-3] List of cars that are available at the moment
[32m2024-02-25 14:13:04.448[0;39m [INFO] com.hexaware.roadready.service.CarServiceImpl [http-nio-8080-exec-7] List of cars that are available at the moment
[32m2024-02-25 14:13:28.537[0;39m [INFO] com.hexaware.roadready.service.CarServiceImpl [http-nio-8080-exec-8] List of cars that are available at the moment
[32m2024-02-25 14:13:39.458[0;39m [INFO] com.hexaware.roadready.service.CarServiceImpl [http-nio-8080-exec-9] List of cars that are available at the moment
[32m2024-02-25 14:13:52.964[0;39m [INFO] com.hexaware.roadready.service.CarServiceImpl [http-nio-8080-exec-2] List of cars that are available at the moment
[32m2024-02-25 14:14:10.645[0;39m [INFO] org.springframework.boot.admin.SpringApplicationAdminMXBeanRegistrar$SpringApplicationAdmin [RMI TCP Connection(177)-127.0.0.1] Application shutdown requested.
[32m2024-02-25 14:14:10.695[0;39m [INFO] org.apache.catalina.core.StandardService [RMI TCP Connection(177)-127.0.0.1] Stopping service [Tomcat]
[32m2024-02-25 14:14:10.702[0;39m [INFO] org.apache.catalina.core.ContainerBase.[Tomcat].[localhost].[/] [RMI TCP Connection(177)-127.0.0.1] Destroying Spring FrameworkServlet 'dispatcherServlet'
[32m2024-02-25 14:14:10.734[0;39m [WARN] org.apache.catalina.loader.WebappClassLoaderBase [RMI TCP Connection(177)-127.0.0.1] The web application [ROOT] appears to have started a thread named [HikariPool-1 housekeeper] but has failed to stop it. This is very likely to create a memory leak. Stack trace of thread:
 java.base@17.0.9/jdk.internal.misc.Unsafe.park(Native Method)
 java.base@17.0.9/java.util.concurrent.locks.LockSupport.parkNanos(LockSupport.java:252)
 java.base@17.0.9/java.util.concurrent.locks.AbstractQueuedSynchronizer$ConditionObject.awaitNanos(AbstractQueuedSynchronizer.java:1672)
 java.base@17.0.9/java.util.concurrent.ScheduledThreadPoolExecutor$DelayedWorkQueue.take(ScheduledThreadPoolExecutor.java:1182)
 java.base@17.0.9/java.util.concurrent.ScheduledThreadPoolExecutor$DelayedWorkQueue.take(ScheduledThreadPoolExecutor.java:899)
 java.base@17.0.9/java.util.concurrent.ThreadPoolExecutor.getTask(ThreadPoolExecutor.java:1062)
 java.base@17.0.9/java.util.concurrent.ThreadPoolExecutor.runWorker(ThreadPoolExecutor.java:1122)
 java.base@17.0.9/java.util.concurrent.ThreadPoolExecutor$Worker.run(ThreadPoolExecutor.java:635)
 java.base@17.0.9/java.lang.Thread.run(Thread.java:840)
[32m2024-02-25 14:14:10.790[0;39m [INFO] org.springframework.orm.jpa.LocalContainerEntityManagerFactoryBean [RMI TCP Connection(177)-127.0.0.1] Closing JPA EntityManagerFactory for persistence unit 'default'
[32m2024-02-25 14:14:10.816[0;39m [INFO] com.zaxxer.hikari.HikariDataSource [RMI TCP Connection(177)-127.0.0.1] HikariPool-1 - Shutdown initiated...
[32m2024-02-25 14:14:10.854[0;39m [INFO] com.zaxxer.hikari.HikariDataSource [RMI TCP Connection(177)-127.0.0.1] HikariPool-1 - Shutdown completed.
[32m2024-02-25 14:16:28.104[0;39m [INFO] com.hexaware.roadready.RoadReadyApplication [main] Starting RoadReadyApplication using Java 17.0.9 with PID 21260 (C:\RoadReady\RoadReady\RoadReady\target\classes started by DELL in C:\RoadReady\RoadReady\RoadReady)
[32m2024-02-25 14:16:28.108[0;39m [INFO] com.hexaware.roadready.RoadReadyApplication [main] No active profile set, falling back to 1 default profile: "default"
[32m2024-02-25 14:16:29.315[0;39m [INFO] org.springframework.data.repository.config.RepositoryConfigurationDelegate [main] Bootstrapping Spring Data JPA repositories in DEFAULT mode.
[32m2024-02-25 14:16:29.429[0;39m [INFO] org.springframework.data.repository.config.RepositoryConfigurationDelegate [main] Finished Spring Data repository scanning in 100 ms. Found 8 JPA repository interfaces.
[32m2024-02-25 14:16:30.083[0;39m [INFO] org.springframework.boot.web.embedded.tomcat.TomcatWebServer [main] Tomcat initialized with port(s): 8080 (http)
[32m2024-02-25 14:16:30.096[0;39m [INFO] org.apache.catalina.core.StandardService [main] Starting service [Tomcat]
[32m2024-02-25 14:16:30.098[0;39m [INFO] org.apache.catalina.core.StandardEngine [main] Starting Servlet engine: [Apache Tomcat/10.1.18]
[32m2024-02-25 14:16:30.219[0;39m [INFO] org.apache.catalina.core.ContainerBase.[Tomcat].[localhost].[/] [main] Initializing Spring embedded WebApplicationContext
[32m2024-02-25 14:16:30.220[0;39m [INFO] org.springframework.boot.web.servlet.context.ServletWebServerApplicationContext [main] Root WebApplicationContext: initialization completed in 2041 ms
[32m2024-02-25 14:16:30.410[0;39m [INFO] org.hibernate.jpa.internal.util.LogHelper [main] HHH000204: Processing PersistenceUnitInfo [name: default]
[32m2024-02-25 14:16:30.495[0;39m [INFO] org.hibernate.Version [main] HHH000412: Hibernate ORM core version 6.2.20.Final
[32m2024-02-25 14:16:30.498[0;39m [INFO] org.hibernate.cfg.Environment [main] HHH000406: Using bytecode reflection optimizer
[32m2024-02-25 14:16:30.809[0;39m [INFO] org.springframework.orm.jpa.persistenceunit.SpringPersistenceUnitInfo [main] No LoadTimeWeaver setup: ignoring JPA class transformer
[32m2024-02-25 14:16:30.858[0;39m [INFO] com.zaxxer.hikari.HikariDataSource [main] HikariPool-1 - Starting...
[32m2024-02-25 14:16:31.318[0;39m [INFO] com.zaxxer.hikari.pool.HikariPool [main] HikariPool-1 - Added connection com.mysql.cj.jdbc.ConnectionImpl@3ccfac29
[32m2024-02-25 14:16:31.322[0;39m [INFO] com.zaxxer.hikari.HikariDataSource [main] HikariPool-1 - Start completed.
[32m2024-02-25 14:16:31.396[0;39m [WARN] org.hibernate.orm.deprecation [main] HHH90000025: MySQL8Dialect does not need to be specified explicitly using 'hibernate.dialect' (remove the property setting and it will be selected by default)
[32m2024-02-25 14:16:31.397[0;39m [WARN] org.hibernate.orm.deprecation [main] HHH90000026: MySQL8Dialect has been deprecated; use org.hibernate.dialect.MySQLDialect instead
[32m2024-02-25 14:16:32.603[0;39m [INFO] org.hibernate.engine.transaction.jta.platform.internal.JtaPlatformInitiator [main] HHH000489: No JTA platform available (set 'hibernate.transaction.jta.platform' to enable JTA platform integration)
[32m2024-02-25 14:16:32.894[0;39m [INFO] org.springframework.orm.jpa.LocalContainerEntityManagerFactoryBean [main] Initialized JPA EntityManagerFactory for persistence unit 'default'
[32m2024-02-25 14:16:33.360[0;39m [INFO] org.springframework.data.jpa.repository.query.QueryEnhancerFactory [main] Hibernate is in classpath; If applicable, HQL parser will be used.
[32m2024-02-25 14:16:34.136[0;39m [WARN] org.springframework.boot.autoconfigure.orm.jpa.JpaBaseConfiguration$JpaWebConfiguration [main] spring.jpa.open-in-view is enabled by default. Therefore, database queries may be performed during view rendering. Explicitly configure spring.jpa.open-in-view to disable this warning
[32m2024-02-25 14:16:34.820[0;39m [INFO] org.springframework.security.web.DefaultSecurityFilterChain [main] Will secure any request with [org.springframework.security.web.session.DisableEncodeUrlFilter@3413effc, org.springframework.security.web.context.request.async.WebAsyncManagerIntegrationFilter@407bfc49, org.springframework.security.web.context.SecurityContextHolderFilter@6e2ab1f4, org.springframework.security.web.header.HeaderWriterFilter@612c4c10, org.springframework.web.filter.CorsFilter@19c6e821, org.springframework.security.web.authentication.logout.LogoutFilter@56b5de49, com.hexaware.roadready.filter.JwtAuthFilter@623be2a0, org.springframework.security.web.savedrequest.RequestCacheAwareFilter@ef21eba, org.springframework.security.web.servletapi.SecurityContextHolderAwareRequestFilter@5ca4763f, org.springframework.security.web.authentication.AnonymousAuthenticationFilter@2f84848e, org.springframework.security.web.session.SessionManagementFilter@495fa126, org.springframework.security.web.access.ExceptionTranslationFilter@2fd1f0e4, org.springframework.security.web.access.intercept.AuthorizationFilter@7f5179be]
[32m2024-02-25 14:16:35.191[0;39m [INFO] org.springframework.boot.web.embedded.tomcat.TomcatWebServer [main] Tomcat started on port(s): 8080 (http) with context path ''
[32m2024-02-25 14:16:35.205[0;39m [INFO] com.hexaware.roadready.RoadReadyApplication [main] Started RoadReadyApplication in 7.607 seconds (process running for 8.582)
[32m2024-02-25 14:16:42.284[0;39m [INFO] org.apache.catalina.core.ContainerBase.[Tomcat].[localhost].[/] [http-nio-8080-exec-4] Initializing Spring DispatcherServlet 'dispatcherServlet'
[32m2024-02-25 14:16:42.285[0;39m [INFO] org.springframework.web.servlet.DispatcherServlet [http-nio-8080-exec-4] Initializing Servlet 'dispatcherServlet'
[32m2024-02-25 14:16:42.286[0;39m [INFO] org.springframework.web.servlet.DispatcherServlet [http-nio-8080-exec-4] Completed initialization in 1 ms
[32m2024-02-25 14:16:42.372[0;39m [INFO] com.hexaware.roadready.service.CarServiceImpl [http-nio-8080-exec-4] List of cars that are available at the moment
[32m2024-02-25 14:32:07.782[0;39m [INFO] com.hexaware.roadready.service.CarServiceImpl [http-nio-8080-exec-5] List of cars that are available at the moment
[32m2024-02-25 15:10:25.654[0;39m [WARN] com.zaxxer.hikari.pool.HikariPool [HikariPool-1 housekeeper] HikariPool-1 - Thread starvation or clock leap detected (housekeeper delta=27m23s687ms406µs700ns).
[32m2024-02-25 15:12:29.131[0;39m [INFO] com.hexaware.roadready.service.CarServiceImpl [http-nio-8080-exec-9] List of cars that are available at the moment
[32m2024-02-25 16:18:21.126[0;39m [INFO] com.hexaware.roadready.service.CarServiceImpl [http-nio-8080-exec-10] List of cars that are available at the moment
[32m2024-02-25 16:18:31.234[0;39m [INFO] com.hexaware.roadready.service.CarServiceImpl [http-nio-8080-exec-4] List of cars that are available at the moment
[32m2024-02-25 16:36:24.724[0;39m [INFO] com.hexaware.roadready.service.CarServiceImpl [http-nio-8080-exec-2] List of cars that are available at the moment
[32m2024-02-25 16:36:28.507[0;39m [INFO] com.hexaware.roadready.service.CarServiceImpl [http-nio-8080-exec-5] List of cars that are available at the moment
[32m2024-02-25 16:36:35.354[0;39m [INFO] com.hexaware.roadready.service.CarServiceImpl [http-nio-8080-exec-8] List of cars that are available at the moment
[32m2024-02-25 16:37:33.157[0;39m [INFO] com.hexaware.roadready.service.CarServiceImpl [http-nio-8080-exec-7] List of cars that are available at the moment
[32m2024-02-25 16:37:55.465[0;39m [INFO] com.hexaware.roadready.service.CarServiceImpl [http-nio-8080-exec-10] List of cars that are available at the moment
[32m2024-02-25 16:37:59.033[0;39m [INFO] com.hexaware.roadready.service.CarServiceImpl [http-nio-8080-exec-4] List of cars that are available at the moment
[32m2024-02-25 16:38:01.736[0;39m [INFO] com.hexaware.roadready.service.CarServiceImpl [http-nio-8080-exec-1] List of cars that are available at the moment
[32m2024-02-25 16:38:50.607[0;39m [INFO] com.hexaware.roadready.service.CarServiceImpl [http-nio-8080-exec-3] List of cars that are available at the moment
[32m2024-02-25 16:38:56.088[0;39m [INFO] com.hexaware.roadready.service.CarServiceImpl [http-nio-8080-exec-8] List of cars that are available at the moment
[32m2024-02-25 16:39:00.153[0;39m [INFO] org.springframework.boot.admin.SpringApplicationAdminMXBeanRegistrar$SpringApplicationAdmin [RMI TCP Connection(127)-127.0.0.1] Application shutdown requested.
[32m2024-02-25 16:39:00.837[0;39m [INFO] org.apache.catalina.core.StandardService [RMI TCP Connection(127)-127.0.0.1] Stopping service [Tomcat]
[32m2024-02-25 16:39:00.916[0;39m [INFO] org.apache.catalina.core.ContainerBase.[Tomcat].[localhost].[/] [RMI TCP Connection(127)-127.0.0.1] Destroying Spring FrameworkServlet 'dispatcherServlet'
[32m2024-02-25 16:39:01.106[0;39m [WARN] org.apache.catalina.loader.WebappClassLoaderBase [RMI TCP Connection(127)-127.0.0.1] The web application [ROOT] appears to have started a thread named [HikariPool-1 housekeeper] but has failed to stop it. This is very likely to create a memory leak. Stack trace of thread:
 java.base@17.0.9/jdk.internal.misc.Unsafe.park(Native Method)
 java.base@17.0.9/java.util.concurrent.locks.LockSupport.parkNanos(LockSupport.java:252)
 java.base@17.0.9/java.util.concurrent.locks.AbstractQueuedSynchronizer$ConditionObject.awaitNanos(AbstractQueuedSynchronizer.java:1672)
 java.base@17.0.9/java.util.concurrent.ScheduledThreadPoolExecutor$DelayedWorkQueue.take(ScheduledThreadPoolExecutor.java:1182)
 java.base@17.0.9/java.util.concurrent.ScheduledThreadPoolExecutor$DelayedWorkQueue.take(ScheduledThreadPoolExecutor.java:899)
 java.base@17.0.9/java.util.concurrent.ThreadPoolExecutor.getTask(ThreadPoolExecutor.java:1062)
 java.base@17.0.9/java.util.concurrent.ThreadPoolExecutor.runWorker(ThreadPoolExecutor.java:1122)
 java.base@17.0.9/java.util.concurrent.ThreadPoolExecutor$Worker.run(ThreadPoolExecutor.java:635)
 java.base@17.0.9/java.lang.Thread.run(Thread.java:840)
[32m2024-02-25 16:39:01.361[0;39m [INFO] org.springframework.orm.jpa.LocalContainerEntityManagerFactoryBean [RMI TCP Connection(127)-127.0.0.1] Closing JPA EntityManagerFactory for persistence unit 'default'
[32m2024-02-25 16:39:01.405[0;39m [INFO] com.zaxxer.hikari.HikariDataSource [RMI TCP Connection(127)-127.0.0.1] HikariPool-1 - Shutdown initiated...
[32m2024-02-25 16:39:01.467[0;39m [INFO] com.zaxxer.hikari.HikariDataSource [RMI TCP Connection(127)-127.0.0.1] HikariPool-1 - Shutdown completed.
[32m2024-02-25 16:39:46.983[0;39m [INFO] com.hexaware.roadready.RoadReadyApplication [main] Starting RoadReadyApplication using Java 17.0.9 with PID 24748 (C:\RoadReady\RoadReady\RoadReady\target\classes started by DELL in C:\RoadReady\RoadReady\RoadReady)
[32m2024-02-25 16:39:46.987[0;39m [INFO] com.hexaware.roadready.RoadReadyApplication [main] No active profile set, falling back to 1 default profile: "default"
[32m2024-02-25 16:39:48.214[0;39m [INFO] org.springframework.data.repository.config.RepositoryConfigurationDelegate [main] Bootstrapping Spring Data JPA repositories in DEFAULT mode.
[32m2024-02-25 16:39:48.320[0;39m [INFO] org.springframework.data.repository.config.RepositoryConfigurationDelegate [main] Finished Spring Data repository scanning in 93 ms. Found 8 JPA repository interfaces.
[32m2024-02-25 16:39:48.980[0;39m [INFO] org.springframework.boot.web.embedded.tomcat.TomcatWebServer [main] Tomcat initialized with port(s): 8080 (http)
[32m2024-02-25 16:39:48.992[0;39m [INFO] org.apache.catalina.core.StandardService [main] Starting service [Tomcat]
[32m2024-02-25 16:39:48.993[0;39m [INFO] org.apache.catalina.core.StandardEngine [main] Starting Servlet engine: [Apache Tomcat/10.1.18]
[32m2024-02-25 16:39:49.139[0;39m [INFO] org.apache.catalina.core.ContainerBase.[Tomcat].[localhost].[/] [main] Initializing Spring embedded WebApplicationContext
[32m2024-02-25 16:39:49.140[0;39m [INFO] org.springframework.boot.web.servlet.context.ServletWebServerApplicationContext [main] Root WebApplicationContext: initialization completed in 2091 ms
[32m2024-02-25 16:39:49.312[0;39m [INFO] org.hibernate.jpa.internal.util.LogHelper [main] HHH000204: Processing PersistenceUnitInfo [name: default]
[32m2024-02-25 16:39:49.387[0;39m [INFO] org.hibernate.Version [main] HHH000412: Hibernate ORM core version 6.2.20.Final
[32m2024-02-25 16:39:49.390[0;39m [INFO] org.hibernate.cfg.Environment [main] HHH000406: Using bytecode reflection optimizer
[32m2024-02-25 16:39:49.741[0;39m [INFO] org.springframework.orm.jpa.persistenceunit.SpringPersistenceUnitInfo [main] No LoadTimeWeaver setup: ignoring JPA class transformer
[32m2024-02-25 16:39:49.781[0;39m [INFO] com.zaxxer.hikari.HikariDataSource [main] HikariPool-1 - Starting...
[32m2024-02-25 16:39:50.162[0;39m [INFO] com.zaxxer.hikari.pool.HikariPool [main] HikariPool-1 - Added connection com.mysql.cj.jdbc.ConnectionImpl@1d9af731
[32m2024-02-25 16:39:50.165[0;39m [INFO] com.zaxxer.hikari.HikariDataSource [main] HikariPool-1 - Start completed.
[32m2024-02-25 16:39:50.244[0;39m [WARN] org.hibernate.orm.deprecation [main] HHH90000025: MySQL8Dialect does not need to be specified explicitly using 'hibernate.dialect' (remove the property setting and it will be selected by default)
[32m2024-02-25 16:39:50.245[0;39m [WARN] org.hibernate.orm.deprecation [main] HHH90000026: MySQL8Dialect has been deprecated; use org.hibernate.dialect.MySQLDialect instead
[32m2024-02-25 16:39:51.541[0;39m [INFO] org.hibernate.engine.transaction.jta.platform.internal.JtaPlatformInitiator [main] HHH000489: No JTA platform available (set 'hibernate.transaction.jta.platform' to enable JTA platform integration)
[32m2024-02-25 16:39:51.759[0;39m [INFO] org.springframework.orm.jpa.LocalContainerEntityManagerFactoryBean [main] Initialized JPA EntityManagerFactory for persistence unit 'default'
[32m2024-02-25 16:39:52.336[0;39m [INFO] org.springframework.data.jpa.repository.query.QueryEnhancerFactory [main] Hibernate is in classpath; If applicable, HQL parser will be used.
[32m2024-02-25 16:39:53.141[0;39m [WARN] org.springframework.boot.autoconfigure.orm.jpa.JpaBaseConfiguration$JpaWebConfiguration [main] spring.jpa.open-in-view is enabled by default. Therefore, database queries may be performed during view rendering. Explicitly configure spring.jpa.open-in-view to disable this warning
[32m2024-02-25 16:39:53.927[0;39m [INFO] org.springframework.security.web.DefaultSecurityFilterChain [main] Will secure any request with [org.springframework.security.web.session.DisableEncodeUrlFilter@2986e26f, org.springframework.security.web.context.request.async.WebAsyncManagerIntegrationFilter@fb74661, org.springframework.security.web.context.SecurityContextHolderFilter@36c6d53b, org.springframework.security.web.header.HeaderWriterFilter@5ca4763f, org.springframework.web.filter.CorsFilter@19bad88, org.springframework.security.web.authentication.logout.LogoutFilter@4f3eddc0, com.hexaware.roadready.filter.JwtAuthFilter@98a0842, org.springframework.security.web.savedrequest.RequestCacheAwareFilter@39d666e0, org.springframework.security.web.servletapi.SecurityContextHolderAwareRequestFilter@56bc8c45, org.springframework.security.web.authentication.AnonymousAuthenticationFilter@4b7feb38, org.springframework.security.web.session.SessionManagementFilter@69cf9acb, org.springframework.security.web.access.ExceptionTranslationFilter@ef21eba, org.springframework.security.web.access.intercept.AuthorizationFilter@19a7e618]
[32m2024-02-25 16:39:54.304[0;39m [INFO] org.springframework.boot.web.embedded.tomcat.TomcatWebServer [main] Tomcat started on port(s): 8080 (http) with context path ''
[32m2024-02-25 16:39:54.318[0;39m [INFO] com.hexaware.roadready.RoadReadyApplication [main] Started RoadReadyApplication in 7.917 seconds (process running for 8.936)
[32m2024-02-25 16:42:05.937[0;39m [INFO] org.apache.catalina.core.ContainerBase.[Tomcat].[localhost].[/] [http-nio-8080-exec-1] Initializing Spring DispatcherServlet 'dispatcherServlet'
[32m2024-02-25 16:42:05.938[0;39m [INFO] org.springframework.web.servlet.DispatcherServlet [http-nio-8080-exec-1] Initializing Servlet 'dispatcherServlet'
[32m2024-02-25 16:42:05.941[0;39m [INFO] org.springframework.web.servlet.DispatcherServlet [http-nio-8080-exec-1] Completed initialization in 2 ms
[32m2024-02-25 16:42:06.016[0;39m [INFO] com.hexaware.roadready.service.CarServiceImpl [http-nio-8080-exec-1] List of cars that are available at the moment
[32m2024-02-25 16:42:51.052[0;39m [INFO] com.hexaware.roadready.service.CarServiceImpl [http-nio-8080-exec-4] List of cars that are available at the moment
[32m2024-02-25 16:42:53.672[0;39m [INFO] com.hexaware.roadready.service.CarServiceImpl [http-nio-8080-exec-6] List of cars that are available at the moment
[32m2024-02-25 16:43:04.431[0;39m [INFO] com.hexaware.roadready.service.CarServiceImpl [http-nio-8080-exec-7] List of cars that are available at the moment
[32m2024-02-25 16:43:11.051[0;39m [INFO] com.hexaware.roadready.service.CarServiceImpl [http-nio-8080-exec-2] List of cars that are available at the moment
[32m2024-02-25 17:25:45.897[0;39m [WARN] com.zaxxer.hikari.pool.HikariPool [HikariPool-1 housekeeper] HikariPool-1 - Thread starvation or clock leap detected (housekeeper delta=8m24s953ms773µs400ns).
[32m2024-02-25 18:52:32.039[0;39m [WARN] com.zaxxer.hikari.pool.HikariPool [HikariPool-1 housekeeper] HikariPool-1 - Thread starvation or clock leap detected (housekeeper delta=48m42s471ms525µs100ns).
[32m2024-02-25 20:30:13.685[0;39m [INFO] org.springframework.boot.admin.SpringApplicationAdminMXBeanRegistrar$SpringApplicationAdmin [RMI TCP Connection(187)-127.0.0.1] Application shutdown requested.
[32m2024-02-25 20:30:14.183[0;39m [INFO] org.apache.catalina.core.StandardService [RMI TCP Connection(187)-127.0.0.1] Stopping service [Tomcat]
[32m2024-02-25 20:30:14.232[0;39m [INFO] org.apache.catalina.core.ContainerBase.[Tomcat].[localhost].[/] [RMI TCP Connection(187)-127.0.0.1] Destroying Spring FrameworkServlet 'dispatcherServlet'
[32m2024-02-25 20:30:14.328[0;39m [WARN] org.apache.catalina.loader.WebappClassLoaderBase [RMI TCP Connection(187)-127.0.0.1] The web application [ROOT] appears to have started a thread named [HikariPool-1 housekeeper] but has failed to stop it. This is very likely to create a memory leak. Stack trace of thread:
 java.base@17.0.9/jdk.internal.misc.Unsafe.park(Native Method)
 java.base@17.0.9/java.util.concurrent.locks.LockSupport.parkNanos(LockSupport.java:252)
 java.base@17.0.9/java.util.concurrent.locks.AbstractQueuedSynchronizer$ConditionObject.awaitNanos(AbstractQueuedSynchronizer.java:1672)
 java.base@17.0.9/java.util.concurrent.ScheduledThreadPoolExecutor$DelayedWorkQueue.take(ScheduledThreadPoolExecutor.java:1182)
 java.base@17.0.9/java.util.concurrent.ScheduledThreadPoolExecutor$DelayedWorkQueue.take(ScheduledThreadPoolExecutor.java:899)
 java.base@17.0.9/java.util.concurrent.ThreadPoolExecutor.getTask(ThreadPoolExecutor.java:1062)
 java.base@17.0.9/java.util.concurrent.ThreadPoolExecutor.runWorker(ThreadPoolExecutor.java:1122)
 java.base@17.0.9/java.util.concurrent.ThreadPoolExecutor$Worker.run(ThreadPoolExecutor.java:635)
 java.base@17.0.9/java.lang.Thread.run(Thread.java:840)
[32m2024-02-25 20:30:14.673[0;39m [INFO] org.springframework.orm.jpa.LocalContainerEntityManagerFactoryBean [RMI TCP Connection(187)-127.0.0.1] Closing JPA EntityManagerFactory for persistence unit 'default'
[32m2024-02-25 20:30:14.744[0;39m [INFO] com.zaxxer.hikari.HikariDataSource [RMI TCP Connection(187)-127.0.0.1] HikariPool-1 - Shutdown initiated...
[32m2024-02-25 20:30:14.797[0;39m [INFO] com.zaxxer.hikari.HikariDataSource [RMI TCP Connection(187)-127.0.0.1] HikariPool-1 - Shutdown completed.
[32m2024-02-25 20:30:28.305[0;39m [INFO] com.hexaware.roadready.RoadReadyApplication [main] Starting RoadReadyApplication using Java 17.0.9 with PID 21460 (C:\RoadReady\RoadReady\RoadReady\target\classes started by DELL in C:\RoadReady\RoadReady\RoadReady)
[32m2024-02-25 20:30:28.309[0;39m [INFO] com.hexaware.roadready.RoadReadyApplication [main] No active profile set, falling back to 1 default profile: "default"
[32m2024-02-25 20:30:29.616[0;39m [INFO] org.springframework.data.repository.config.RepositoryConfigurationDelegate [main] Bootstrapping Spring Data JPA repositories in DEFAULT mode.
[32m2024-02-25 20:30:29.710[0;39m [INFO] org.springframework.data.repository.config.RepositoryConfigurationDelegate [main] Finished Spring Data repository scanning in 79 ms. Found 8 JPA repository interfaces.
[32m2024-02-25 20:30:30.447[0;39m [INFO] org.springframework.boot.web.embedded.tomcat.TomcatWebServer [main] Tomcat initialized with port(s): 8080 (http)
[32m2024-02-25 20:30:30.458[0;39m [INFO] org.apache.catalina.core.StandardService [main] Starting service [Tomcat]
[32m2024-02-25 20:30:30.458[0;39m [INFO] org.apache.catalina.core.StandardEngine [main] Starting Servlet engine: [Apache Tomcat/10.1.18]
[32m2024-02-25 20:30:30.586[0;39m [INFO] org.apache.catalina.core.ContainerBase.[Tomcat].[localhost].[/] [main] Initializing Spring embedded WebApplicationContext
[32m2024-02-25 20:30:30.586[0;39m [INFO] org.springframework.boot.web.servlet.context.ServletWebServerApplicationContext [main] Root WebApplicationContext: initialization completed in 2219 ms
[32m2024-02-25 20:30:30.747[0;39m [INFO] org.hibernate.jpa.internal.util.LogHelper [main] HHH000204: Processing PersistenceUnitInfo [name: default]
[32m2024-02-25 20:30:30.823[0;39m [INFO] org.hibernate.Version [main] HHH000412: Hibernate ORM core version 6.2.20.Final
[32m2024-02-25 20:30:30.827[0;39m [INFO] org.hibernate.cfg.Environment [main] HHH000406: Using bytecode reflection optimizer
[32m2024-02-25 20:30:31.193[0;39m [INFO] org.springframework.orm.jpa.persistenceunit.SpringPersistenceUnitInfo [main] No LoadTimeWeaver setup: ignoring JPA class transformer
[32m2024-02-25 20:30:31.228[0;39m [INFO] com.zaxxer.hikari.HikariDataSource [main] HikariPool-1 - Starting...
[32m2024-02-25 20:30:31.694[0;39m [INFO] com.zaxxer.hikari.pool.HikariPool [main] HikariPool-1 - Added connection com.mysql.cj.jdbc.ConnectionImpl@4db46344
[32m2024-02-25 20:30:31.696[0;39m [INFO] com.zaxxer.hikari.HikariDataSource [main] HikariPool-1 - Start completed.
[32m2024-02-25 20:30:31.796[0;39m [WARN] org.hibernate.orm.deprecation [main] HHH90000025: MySQL8Dialect does not need to be specified explicitly using 'hibernate.dialect' (remove the property setting and it will be selected by default)
[32m2024-02-25 20:30:31.798[0;39m [WARN] org.hibernate.orm.deprecation [main] HHH90000026: MySQL8Dialect has been deprecated; use org.hibernate.dialect.MySQLDialect instead
[32m2024-02-25 20:30:33.302[0;39m [INFO] org.hibernate.engine.transaction.jta.platform.internal.JtaPlatformInitiator [main] HHH000489: No JTA platform available (set 'hibernate.transaction.jta.platform' to enable JTA platform integration)
[32m2024-02-25 20:30:33.520[0;39m [INFO] org.springframework.orm.jpa.LocalContainerEntityManagerFactoryBean [main] Initialized JPA EntityManagerFactory for persistence unit 'default'
[32m2024-02-25 20:30:34.074[0;39m [INFO] org.springframework.data.jpa.repository.query.QueryEnhancerFactory [main] Hibernate is in classpath; If applicable, HQL parser will be used.
[32m2024-02-25 20:30:35.315[0;39m [WARN] org.springframework.boot.autoconfigure.orm.jpa.JpaBaseConfiguration$JpaWebConfiguration [main] spring.jpa.open-in-view is enabled by default. Therefore, database queries may be performed during view rendering. Explicitly configure spring.jpa.open-in-view to disable this warning
[32m2024-02-25 20:30:36.646[0;39m [INFO] org.springframework.security.web.DefaultSecurityFilterChain [main] Will secure any request with [org.springframework.security.web.session.DisableEncodeUrlFilter@3341ba8e, org.springframework.security.web.context.request.async.WebAsyncManagerIntegrationFilter@7f5179be, org.springframework.security.web.context.SecurityContextHolderFilter@664c0019, org.springframework.security.web.header.HeaderWriterFilter@3ed3f72a, org.springframework.web.filter.CorsFilter@f69e35a, org.springframework.security.web.authentication.logout.LogoutFilter@25e7e6d, com.hexaware.roadready.filter.JwtAuthFilter@6202f8bf, org.springframework.security.web.savedrequest.RequestCacheAwareFilter@392da875, org.springframework.security.web.servletapi.SecurityContextHolderAwareRequestFilter@6e2ab1f4, org.springframework.security.web.authentication.AnonymousAuthenticationFilter@4295b0b8, org.springframework.security.web.session.SessionManagementFilter@36f329e7, org.springframework.security.web.access.ExceptionTranslationFilter@7d5b1446, org.springframework.security.web.access.intercept.AuthorizationFilter@58d291c1]
[32m2024-02-25 20:30:37.364[0;39m [INFO] org.springframework.boot.web.embedded.tomcat.TomcatWebServer [main] Tomcat started on port(s): 8080 (http) with context path ''
[32m2024-02-25 20:30:37.400[0;39m [INFO] com.hexaware.roadready.RoadReadyApplication [main] Started RoadReadyApplication in 9.574 seconds (process running for 10.521)
[32m2024-02-25 20:31:03.366[0;39m [INFO] org.apache.catalina.core.ContainerBase.[Tomcat].[localhost].[/] [http-nio-8080-exec-1] Initializing Spring DispatcherServlet 'dispatcherServlet'
[32m2024-02-25 20:31:03.366[0;39m [INFO] org.springframework.web.servlet.DispatcherServlet [http-nio-8080-exec-1] Initializing Servlet 'dispatcherServlet'
[32m2024-02-25 20:31:03.369[0;39m [INFO] org.springframework.web.servlet.DispatcherServlet [http-nio-8080-exec-1] Completed initialization in 3 ms
[32m2024-02-25 21:24:21.631[0;39m [INFO] org.springframework.boot.admin.SpringApplicationAdminMXBeanRegistrar$SpringApplicationAdmin [RMI TCP Connection(60)-127.0.0.1] Application shutdown requested.
[32m2024-02-25 21:24:21.891[0;39m [INFO] org.apache.catalina.core.StandardService [RMI TCP Connection(60)-127.0.0.1] Stopping service [Tomcat]
[32m2024-02-25 21:24:21.923[0;39m [INFO] org.apache.catalina.core.ContainerBase.[Tomcat].[localhost].[/] [RMI TCP Connection(60)-127.0.0.1] Destroying Spring FrameworkServlet 'dispatcherServlet'
[32m2024-02-25 21:24:21.990[0;39m [WARN] org.apache.catalina.loader.WebappClassLoaderBase [RMI TCP Connection(60)-127.0.0.1] The web application [ROOT] appears to have started a thread named [HikariPool-1 housekeeper] but has failed to stop it. This is very likely to create a memory leak. Stack trace of thread:
 java.base@17.0.9/jdk.internal.misc.Unsafe.park(Native Method)
 java.base@17.0.9/java.util.concurrent.locks.LockSupport.parkNanos(LockSupport.java:252)
 java.base@17.0.9/java.util.concurrent.locks.AbstractQueuedSynchronizer$ConditionObject.awaitNanos(AbstractQueuedSynchronizer.java:1672)
 java.base@17.0.9/java.util.concurrent.ScheduledThreadPoolExecutor$DelayedWorkQueue.take(ScheduledThreadPoolExecutor.java:1182)
 java.base@17.0.9/java.util.concurrent.ScheduledThreadPoolExecutor$DelayedWorkQueue.take(ScheduledThreadPoolExecutor.java:899)
 java.base@17.0.9/java.util.concurrent.ThreadPoolExecutor.getTask(ThreadPoolExecutor.java:1062)
 java.base@17.0.9/java.util.concurrent.ThreadPoolExecutor.runWorker(ThreadPoolExecutor.java:1122)
 java.base@17.0.9/java.util.concurrent.ThreadPoolExecutor$Worker.run(ThreadPoolExecutor.java:635)
 java.base@17.0.9/java.lang.Thread.run(Thread.java:840)
[32m2024-02-25 21:24:22.126[0;39m [INFO] org.springframework.orm.jpa.LocalContainerEntityManagerFactoryBean [RMI TCP Connection(60)-127.0.0.1] Closing JPA EntityManagerFactory for persistence unit 'default'
[32m2024-02-25 21:24:22.178[0;39m [INFO] com.zaxxer.hikari.HikariDataSource [RMI TCP Connection(60)-127.0.0.1] HikariPool-1 - Shutdown initiated...
[32m2024-02-25 21:24:22.219[0;39m [INFO] com.zaxxer.hikari.HikariDataSource [RMI TCP Connection(60)-127.0.0.1] HikariPool-1 - Shutdown completed.
[32m2024-02-25 21:24:26.793[0;39m [INFO] com.hexaware.roadready.RoadReadyApplication [main] Starting RoadReadyApplication using Java 17.0.9 with PID 22520 (C:\RoadReady\RoadReady\RoadReady\target\classes started by DELL in C:\RoadReady\RoadReady\RoadReady)
[32m2024-02-25 21:24:26.797[0;39m [INFO] com.hexaware.roadready.RoadReadyApplication [main] No active profile set, falling back to 1 default profile: "default"
[32m2024-02-25 21:24:27.620[0;39m [INFO] org.springframework.data.repository.config.RepositoryConfigurationDelegate [main] Bootstrapping Spring Data JPA repositories in DEFAULT mode.
[32m2024-02-25 21:24:27.708[0;39m [INFO] org.springframework.data.repository.config.RepositoryConfigurationDelegate [main] Finished Spring Data repository scanning in 78 ms. Found 8 JPA repository interfaces.
[32m2024-02-25 21:24:28.426[0;39m [INFO] org.springframework.boot.web.embedded.tomcat.TomcatWebServer [main] Tomcat initialized with port(s): 8080 (http)
[32m2024-02-25 21:24:28.437[0;39m [INFO] org.apache.catalina.core.StandardService [main] Starting service [Tomcat]
[32m2024-02-25 21:24:28.437[0;39m [INFO] org.apache.catalina.core.StandardEngine [main] Starting Servlet engine: [Apache Tomcat/10.1.18]
[32m2024-02-25 21:24:28.579[0;39m [INFO] org.apache.catalina.core.ContainerBase.[Tomcat].[localhost].[/] [main] Initializing Spring embedded WebApplicationContext
[32m2024-02-25 21:24:28.580[0;39m [INFO] org.springframework.boot.web.servlet.context.ServletWebServerApplicationContext [main] Root WebApplicationContext: initialization completed in 1717 ms
[32m2024-02-25 21:24:28.753[0;39m [INFO] org.hibernate.jpa.internal.util.LogHelper [main] HHH000204: Processing PersistenceUnitInfo [name: default]
[32m2024-02-25 21:24:28.824[0;39m [INFO] org.hibernate.Version [main] HHH000412: Hibernate ORM core version 6.2.20.Final
[32m2024-02-25 21:24:28.826[0;39m [INFO] org.hibernate.cfg.Environment [main] HHH000406: Using bytecode reflection optimizer
[32m2024-02-25 21:24:29.143[0;39m [INFO] org.springframework.orm.jpa.persistenceunit.SpringPersistenceUnitInfo [main] No LoadTimeWeaver setup: ignoring JPA class transformer
[32m2024-02-25 21:24:29.177[0;39m [INFO] com.zaxxer.hikari.HikariDataSource [main] HikariPool-1 - Starting...
[32m2024-02-25 21:24:29.493[0;39m [INFO] com.zaxxer.hikari.pool.HikariPool [main] HikariPool-1 - Added connection com.mysql.cj.jdbc.ConnectionImpl@4fafd27e
[32m2024-02-25 21:24:29.495[0;39m [INFO] com.zaxxer.hikari.HikariDataSource [main] HikariPool-1 - Start completed.
[32m2024-02-25 21:24:29.556[0;39m [WARN] org.hibernate.orm.deprecation [main] HHH90000025: MySQL8Dialect does not need to be specified explicitly using 'hibernate.dialect' (remove the property setting and it will be selected by default)
[32m2024-02-25 21:24:29.557[0;39m [WARN] org.hibernate.orm.deprecation [main] HHH90000026: MySQL8Dialect has been deprecated; use org.hibernate.dialect.MySQLDialect instead
[32m2024-02-25 21:24:30.618[0;39m [INFO] org.hibernate.engine.transaction.jta.platform.internal.JtaPlatformInitiator [main] HHH000489: No JTA platform available (set 'hibernate.transaction.jta.platform' to enable JTA platform integration)
[32m2024-02-25 21:24:30.799[0;39m [INFO] org.springframework.orm.jpa.LocalContainerEntityManagerFactoryBean [main] Initialized JPA EntityManagerFactory for persistence unit 'default'
[32m2024-02-25 21:24:31.231[0;39m [INFO] org.springframework.data.jpa.repository.query.QueryEnhancerFactory [main] Hibernate is in classpath; If applicable, HQL parser will be used.
[32m2024-02-25 21:24:31.893[0;39m [WARN] org.springframework.boot.autoconfigure.orm.jpa.JpaBaseConfiguration$JpaWebConfiguration [main] spring.jpa.open-in-view is enabled by default. Therefore, database queries may be performed during view rendering. Explicitly configure spring.jpa.open-in-view to disable this warning
[32m2024-02-25 21:24:32.584[0;39m [INFO] org.springframework.security.web.DefaultSecurityFilterChain [main] Will secure any request with [org.springframework.security.web.session.DisableEncodeUrlFilter@729f8c5d, org.springframework.security.web.context.request.async.WebAsyncManagerIntegrationFilter@1e33203f, org.springframework.security.web.context.SecurityContextHolderFilter@1d123972, org.springframework.security.web.header.HeaderWriterFilter@7a11426a, org.springframework.web.filter.CorsFilter@209f0986, org.springframework.security.web.authentication.logout.LogoutFilter@4295b0b8, com.hexaware.roadready.filter.JwtAuthFilter@62b2bc2e, org.springframework.security.web.savedrequest.RequestCacheAwareFilter@7b3d759f, org.springframework.security.web.servletapi.SecurityContextHolderAwareRequestFilter@62c4ad40, org.springframework.security.web.authentication.AnonymousAuthenticationFilter@58a01e47, org.springframework.security.web.session.SessionManagementFilter@5b3063b7, org.springframework.security.web.access.ExceptionTranslationFilter@3bd69a51, org.springframework.security.web.access.intercept.AuthorizationFilter@5f967ad3]
[32m2024-02-25 21:24:32.885[0;39m [INFO] org.springframework.boot.web.embedded.tomcat.TomcatWebServer [main] Tomcat started on port(s): 8080 (http) with context path ''
[32m2024-02-25 21:24:32.893[0;39m [INFO] com.hexaware.roadready.RoadReadyApplication [main] Started RoadReadyApplication in 6.437 seconds (process running for 7.125)
[32m2024-02-25 21:24:50.615[0;39m [INFO] org.apache.catalina.core.ContainerBase.[Tomcat].[localhost].[/] [http-nio-8080-exec-2] Initializing Spring DispatcherServlet 'dispatcherServlet'
[32m2024-02-25 21:24:50.615[0;39m [INFO] org.springframework.web.servlet.DispatcherServlet [http-nio-8080-exec-2] Initializing Servlet 'dispatcherServlet'
[32m2024-02-25 21:24:50.615[0;39m [INFO] org.springframework.web.servlet.DispatcherServlet [http-nio-8080-exec-2] Completed initialization in 0 ms
[32m2024-02-25 21:24:50.863[0;39m [ERROR] org.apache.catalina.core.ContainerBase.[Tomcat].[localhost].[/].[dispatcherServlet] [http-nio-8080-exec-3] Servlet.service() for servlet [dispatcherServlet] in context with path [] threw exception [Handler dispatch failed: java.lang.Error: Unresolved compilation problem: 
	The method generateToken(String, String) in the type JwtService is not applicable for the arguments (String)
] with root cause
java.lang.Error: Unresolved compilation problem: 
	The method generateToken(String, String) in the type JwtService is not applicable for the arguments (String)

	at com.hexaware.roadready.restcontroller.UserRestController.authenticateAndGetToken(UserRestController.java:68)
	at java.base/jdk.internal.reflect.NativeMethodAccessorImpl.invoke0(Native Method)
	at java.base/jdk.internal.reflect.NativeMethodAccessorImpl.invoke(NativeMethodAccessorImpl.java:77)
	at java.base/jdk.internal.reflect.DelegatingMethodAccessorImpl.invoke(DelegatingMethodAccessorImpl.java:43)
	at java.base/java.lang.reflect.Method.invoke(Method.java:568)
	at org.springframework.web.method.support.InvocableHandlerMethod.doInvoke(InvocableHandlerMethod.java:205)
	at org.springframework.web.method.support.InvocableHandlerMethod.invokeForRequest(InvocableHandlerMethod.java:150)
	at org.springframework.web.servlet.mvc.method.annotation.ServletInvocableHandlerMethod.invokeAndHandle(ServletInvocableHandlerMethod.java:118)
	at org.springframework.web.servlet.mvc.method.annotation.RequestMappingHandlerAdapter.invokeHandlerMethod(RequestMappingHandlerAdapter.java:884)
	at org.springframework.web.servlet.mvc.method.annotation.RequestMappingHandlerAdapter.handleInternal(RequestMappingHandlerAdapter.java:797)
	at org.springframework.web.servlet.mvc.method.AbstractHandlerMethodAdapter.handle(AbstractHandlerMethodAdapter.java:87)
	at org.springframework.web.servlet.DispatcherServlet.doDispatch(DispatcherServlet.java:1081)
	at org.springframework.web.servlet.DispatcherServlet.doService(DispatcherServlet.java:974)
	at org.springframework.web.servlet.FrameworkServlet.processRequest(FrameworkServlet.java:1014)
	at org.springframework.web.servlet.FrameworkServlet.doPost(FrameworkServlet.java:914)
	at jakarta.servlet.http.HttpServlet.service(HttpServlet.java:590)
	at org.springframework.web.servlet.FrameworkServlet.service(FrameworkServlet.java:885)
	at jakarta.servlet.http.HttpServlet.service(HttpServlet.java:658)
	at org.apache.catalina.core.ApplicationFilterChain.internalDoFilter(ApplicationFilterChain.java:205)
	at org.apache.catalina.core.ApplicationFilterChain.doFilter(ApplicationFilterChain.java:149)
	at org.apache.tomcat.websocket.server.WsFilter.doFilter(WsFilter.java:51)
	at org.apache.catalina.core.ApplicationFilterChain.internalDoFilter(ApplicationFilterChain.java:174)
	at org.apache.catalina.core.ApplicationFilterChain.doFilter(ApplicationFilterChain.java:149)
	at org.springframework.web.filter.OncePerRequestFilter.doFilter(OncePerRequestFilter.java:110)
	at org.apache.catalina.core.ApplicationFilterChain.internalDoFilter(ApplicationFilterChain.java:174)
	at org.apache.catalina.core.ApplicationFilterChain.doFilter(ApplicationFilterChain.java:149)
	at org.springframework.web.filter.OncePerRequestFilter.doFilter(OncePerRequestFilter.java:110)
	at org.apache.catalina.core.ApplicationFilterChain.internalDoFilter(ApplicationFilterChain.java:174)
	at org.apache.catalina.core.ApplicationFilterChain.doFilter(ApplicationFilterChain.java:149)
	at org.springframework.web.filter.CompositeFilter$VirtualFilterChain.doFilter(CompositeFilter.java:108)
	at org.springframework.security.web.FilterChainProxy.lambda$doFilterInternal$3(FilterChainProxy.java:231)
	at org.springframework.security.web.FilterChainProxy$VirtualFilterChain.doFilter(FilterChainProxy.java:365)
	at org.springframework.security.web.access.intercept.AuthorizationFilter.doFilter(AuthorizationFilter.java:100)
	at org.springframework.security.web.FilterChainProxy$VirtualFilterChain.doFilter(FilterChainProxy.java:374)
	at org.springframework.security.web.access.ExceptionTranslationFilter.doFilter(ExceptionTranslationFilter.java:126)
	at org.springframework.security.web.access.ExceptionTranslationFilter.doFilter(ExceptionTranslationFilter.java:120)
	at org.springframework.security.web.FilterChainProxy$VirtualFilterChain.doFilter(FilterChainProxy.java:374)
	at org.springframework.security.web.session.SessionManagementFilter.doFilter(SessionManagementFilter.java:131)
	at org.springframework.security.web.session.SessionManagementFilter.doFilter(SessionManagementFilter.java:85)
	at org.springframework.security.web.FilterChainProxy$VirtualFilterChain.doFilter(FilterChainProxy.java:374)
	at org.springframework.security.web.authentication.AnonymousAuthenticationFilter.doFilter(AnonymousAuthenticationFilter.java:100)
	at org.springframework.security.web.FilterChainProxy$VirtualFilterChain.doFilter(FilterChainProxy.java:374)
	at org.springframework.security.web.servletapi.SecurityContextHolderAwareRequestFilter.doFilter(SecurityContextHolderAwareRequestFilter.java:179)
	at org.springframework.security.web.FilterChainProxy$VirtualFilterChain.doFilter(FilterChainProxy.java:374)
	at org.springframework.security.web.savedrequest.RequestCacheAwareFilter.doFilter(RequestCacheAwareFilter.java:63)
	at org.springframework.security.web.FilterChainProxy$VirtualFilterChain.doFilter(FilterChainProxy.java:374)
	at com.hexaware.roadready.filter.JwtAuthFilter.doFilterInternal(JwtAuthFilter.java:54)
	at org.springframework.web.filter.OncePerRequestFilter.doFilter(OncePerRequestFilter.java:116)
	at org.springframework.security.web.FilterChainProxy$VirtualFilterChain.doFilter(FilterChainProxy.java:374)
	at org.springframework.security.web.authentication.logout.LogoutFilter.doFilter(LogoutFilter.java:107)
	at org.springframework.security.web.authentication.logout.LogoutFilter.doFilter(LogoutFilter.java:93)
	at org.springframework.security.web.FilterChainProxy$VirtualFilterChain.doFilter(FilterChainProxy.java:374)
	at org.springframework.web.filter.CorsFilter.doFilterInternal(CorsFilter.java:91)
	at org.springframework.web.filter.OncePerRequestFilter.doFilter(OncePerRequestFilter.java:116)
	at org.springframework.security.web.FilterChainProxy$VirtualFilterChain.doFilter(FilterChainProxy.java:374)
	at org.springframework.security.web.header.HeaderWriterFilter.doHeadersAfter(HeaderWriterFilter.java:90)
	at org.springframework.security.web.header.HeaderWriterFilter.doFilterInternal(HeaderWriterFilter.java:75)
	at org.springframework.web.filter.OncePerRequestFilter.doFilter(OncePerRequestFilter.java:116)
	at org.springframework.security.web.FilterChainProxy$VirtualFilterChain.doFilter(FilterChainProxy.java:374)
	at org.springframework.security.web.context.SecurityContextHolderFilter.doFilter(SecurityContextHolderFilter.java:82)
	at org.springframework.security.web.context.SecurityContextHolderFilter.doFilter(SecurityContextHolderFilter.java:69)
	at org.springframework.security.web.FilterChainProxy$VirtualFilterChain.doFilter(FilterChainProxy.java:374)
	at org.springframework.security.web.context.request.async.WebAsyncManagerIntegrationFilter.doFilterInternal(WebAsyncManagerIntegrationFilter.java:62)
	at org.springframework.web.filter.OncePerRequestFilter.doFilter(OncePerRequestFilter.java:116)
	at org.springframework.security.web.FilterChainProxy$VirtualFilterChain.doFilter(FilterChainProxy.java:374)
	at org.springframework.security.web.session.DisableEncodeUrlFilter.doFilterInternal(DisableEncodeUrlFilter.java:42)
	at org.springframework.web.filter.OncePerRequestFilter.doFilter(OncePerRequestFilter.java:116)
	at org.springframework.security.web.FilterChainProxy$VirtualFilterChain.doFilter(FilterChainProxy.java:374)
	at org.springframework.security.web.FilterChainProxy.doFilterInternal(FilterChainProxy.java:233)
	at org.springframework.security.web.FilterChainProxy.doFilter(FilterChainProxy.java:191)
	at org.springframework.web.filter.CompositeFilter$VirtualFilterChain.doFilter(CompositeFilter.java:113)
	at org.springframework.web.servlet.handler.HandlerMappingIntrospector.lambda$createCacheFilter$3(HandlerMappingIntrospector.java:195)
	at org.springframework.web.filter.CompositeFilter$VirtualFilterChain.doFilter(CompositeFilter.java:113)
	at org.springframework.web.filter.CompositeFilter.doFilter(CompositeFilter.java:74)
	at org.springframework.security.config.annotation.web.configuration.WebMvcSecurityConfiguration$CompositeFilterChainProxy.doFilter(WebMvcSecurityConfiguration.java:225)
	at org.springframework.web.filter.DelegatingFilterProxy.invokeDelegate(DelegatingFilterProxy.java:352)
	at org.springframework.web.filter.DelegatingFilterProxy.doFilter(DelegatingFilterProxy.java:268)
	at org.apache.catalina.core.ApplicationFilterChain.internalDoFilter(ApplicationFilterChain.java:174)
	at org.apache.catalina.core.ApplicationFilterChain.doFilter(ApplicationFilterChain.java:149)
	at org.springframework.web.filter.RequestContextFilter.doFilterInternal(RequestContextFilter.java:100)
	at org.springframework.web.filter.OncePerRequestFilter.doFilter(OncePerRequestFilter.java:116)
	at org.apache.catalina.core.ApplicationFilterChain.internalDoFilter(ApplicationFilterChain.java:174)
	at org.apache.catalina.core.ApplicationFilterChain.doFilter(ApplicationFilterChain.java:149)
	at org.springframework.web.filter.FormContentFilter.doFilterInternal(FormContentFilter.java:93)
	at org.springframework.web.filter.OncePerRequestFilter.doFilter(OncePerRequestFilter.java:116)
	at org.apache.catalina.core.ApplicationFilterChain.internalDoFilter(ApplicationFilterChain.java:174)
	at org.apache.catalina.core.ApplicationFilterChain.doFilter(ApplicationFilterChain.java:149)
	at org.springframework.web.filter.CharacterEncodingFilter.doFilterInternal(CharacterEncodingFilter.java:201)
	at org.springframework.web.filter.OncePerRequestFilter.doFilter(OncePerRequestFilter.java:116)
	at org.apache.catalina.core.ApplicationFilterChain.internalDoFilter(ApplicationFilterChain.java:174)
	at org.apache.catalina.core.ApplicationFilterChain.doFilter(ApplicationFilterChain.java:149)
	at org.apache.catalina.core.StandardWrapperValve.invoke(StandardWrapperValve.java:167)
	at org.apache.catalina.core.StandardContextValve.invoke(StandardContextValve.java:90)
	at org.apache.catalina.authenticator.AuthenticatorBase.invoke(AuthenticatorBase.java:482)
	at org.apache.catalina.core.StandardHostValve.invoke(StandardHostValve.java:115)
	at org.apache.catalina.valves.ErrorReportValve.invoke(ErrorReportValve.java:93)
	at org.apache.catalina.core.StandardEngineValve.invoke(StandardEngineValve.java:74)
	at org.apache.catalina.connector.CoyoteAdapter.service(CoyoteAdapter.java:340)
	at org.apache.coyote.http11.Http11Processor.service(Http11Processor.java:391)
	at org.apache.coyote.AbstractProcessorLight.process(AbstractProcessorLight.java:63)
	at org.apache.coyote.AbstractProtocol$ConnectionHandler.process(AbstractProtocol.java:896)
	at org.apache.tomcat.util.net.NioEndpoint$SocketProcessor.doRun(NioEndpoint.java:1744)
	at org.apache.tomcat.util.net.SocketProcessorBase.run(SocketProcessorBase.java:52)
	at org.apache.tomcat.util.threads.ThreadPoolExecutor.runWorker(ThreadPoolExecutor.java:1191)
	at org.apache.tomcat.util.threads.ThreadPoolExecutor$Worker.run(ThreadPoolExecutor.java:659)
	at org.apache.tomcat.util.threads.TaskThread$WrappingRunnable.run(TaskThread.java:61)
	at java.base/java.lang.Thread.run(Thread.java:840)
[32m2024-02-25 21:56:26.760[0;39m [WARN] com.zaxxer.hikari.pool.HikariPool [HikariPool-1 housekeeper] HikariPool-1 - Thread starvation or clock leap detected (housekeeper delta=17m26s878ms821µs).
[32m2024-02-25 22:24:51.368[0;39m [INFO] org.springframework.boot.admin.SpringApplicationAdminMXBeanRegistrar$SpringApplicationAdmin [RMI TCP Connection(55)-127.0.0.1] Application shutdown requested.
[32m2024-02-25 22:24:51.551[0;39m [INFO] org.apache.catalina.core.StandardService [RMI TCP Connection(55)-127.0.0.1] Stopping service [Tomcat]
[32m2024-02-25 22:24:51.563[0;39m [INFO] org.apache.catalina.core.ContainerBase.[Tomcat].[localhost].[/] [RMI TCP Connection(55)-127.0.0.1] Destroying Spring FrameworkServlet 'dispatcherServlet'
[32m2024-02-25 22:24:51.590[0;39m [WARN] org.apache.catalina.loader.WebappClassLoaderBase [RMI TCP Connection(55)-127.0.0.1] The web application [ROOT] appears to have started a thread named [HikariPool-1 housekeeper] but has failed to stop it. This is very likely to create a memory leak. Stack trace of thread:
 java.base@17.0.9/jdk.internal.misc.Unsafe.park(Native Method)
 java.base@17.0.9/java.util.concurrent.locks.LockSupport.parkNanos(LockSupport.java:252)
 java.base@17.0.9/java.util.concurrent.locks.AbstractQueuedSynchronizer$ConditionObject.awaitNanos(AbstractQueuedSynchronizer.java:1672)
 java.base@17.0.9/java.util.concurrent.ScheduledThreadPoolExecutor$DelayedWorkQueue.take(ScheduledThreadPoolExecutor.java:1182)
 java.base@17.0.9/java.util.concurrent.ScheduledThreadPoolExecutor$DelayedWorkQueue.take(ScheduledThreadPoolExecutor.java:899)
 java.base@17.0.9/java.util.concurrent.ThreadPoolExecutor.getTask(ThreadPoolExecutor.java:1062)
 java.base@17.0.9/java.util.concurrent.ThreadPoolExecutor.runWorker(ThreadPoolExecutor.java:1122)
 java.base@17.0.9/java.util.concurrent.ThreadPoolExecutor$Worker.run(ThreadPoolExecutor.java:635)
 java.base@17.0.9/java.lang.Thread.run(Thread.java:840)
[32m2024-02-25 22:24:51.644[0;39m [INFO] org.springframework.orm.jpa.LocalContainerEntityManagerFactoryBean [RMI TCP Connection(55)-127.0.0.1] Closing JPA EntityManagerFactory for persistence unit 'default'
[32m2024-02-25 22:24:51.683[0;39m [INFO] com.zaxxer.hikari.HikariDataSource [RMI TCP Connection(55)-127.0.0.1] HikariPool-1 - Shutdown initiated...
[32m2024-02-25 22:24:51.723[0;39m [INFO] com.zaxxer.hikari.HikariDataSource [RMI TCP Connection(55)-127.0.0.1] HikariPool-1 - Shutdown completed.
[32m2024-02-25 22:24:57.074[0;39m [INFO] com.hexaware.roadready.RoadReadyApplication [main] Starting RoadReadyApplication using Java 17.0.9 with PID 23840 (C:\RoadReady\RoadReady\RoadReady\target\classes started by DELL in C:\RoadReady\RoadReady\RoadReady)
[32m2024-02-25 22:24:57.077[0;39m [INFO] com.hexaware.roadready.RoadReadyApplication [main] No active profile set, falling back to 1 default profile: "default"
[32m2024-02-25 22:24:58.193[0;39m [INFO] org.springframework.data.repository.config.RepositoryConfigurationDelegate [main] Bootstrapping Spring Data JPA repositories in DEFAULT mode.
[32m2024-02-25 22:24:58.274[0;39m [INFO] org.springframework.data.repository.config.RepositoryConfigurationDelegate [main] Finished Spring Data repository scanning in 70 ms. Found 8 JPA repository interfaces.
[32m2024-02-25 22:24:58.896[0;39m [INFO] org.springframework.boot.web.embedded.tomcat.TomcatWebServer [main] Tomcat initialized with port(s): 8080 (http)
[32m2024-02-25 22:24:58.907[0;39m [INFO] org.apache.catalina.core.StandardService [main] Starting service [Tomcat]
[32m2024-02-25 22:24:58.907[0;39m [INFO] org.apache.catalina.core.StandardEngine [main] Starting Servlet engine: [Apache Tomcat/10.1.18]
[32m2024-02-25 22:24:59.013[0;39m [INFO] org.apache.catalina.core.ContainerBase.[Tomcat].[localhost].[/] [main] Initializing Spring embedded WebApplicationContext
[32m2024-02-25 22:24:59.014[0;39m [INFO] org.springframework.boot.web.servlet.context.ServletWebServerApplicationContext [main] Root WebApplicationContext: initialization completed in 1880 ms
[32m2024-02-25 22:24:59.133[0;39m [INFO] org.hibernate.jpa.internal.util.LogHelper [main] HHH000204: Processing PersistenceUnitInfo [name: default]
[32m2024-02-25 22:24:59.219[0;39m [INFO] org.hibernate.Version [main] HHH000412: Hibernate ORM core version 6.2.20.Final
[32m2024-02-25 22:24:59.222[0;39m [INFO] org.hibernate.cfg.Environment [main] HHH000406: Using bytecode reflection optimizer
[32m2024-02-25 22:24:59.492[0;39m [INFO] org.springframework.orm.jpa.persistenceunit.SpringPersistenceUnitInfo [main] No LoadTimeWeaver setup: ignoring JPA class transformer
[32m2024-02-25 22:24:59.519[0;39m [INFO] com.zaxxer.hikari.HikariDataSource [main] HikariPool-1 - Starting...
[32m2024-02-25 22:24:59.853[0;39m [INFO] com.zaxxer.hikari.pool.HikariPool [main] HikariPool-1 - Added connection com.mysql.cj.jdbc.ConnectionImpl@4ede035e
[32m2024-02-25 22:24:59.855[0;39m [INFO] com.zaxxer.hikari.HikariDataSource [main] HikariPool-1 - Start completed.
[32m2024-02-25 22:24:59.898[0;39m [WARN] org.hibernate.orm.deprecation [main] HHH90000025: MySQL8Dialect does not need to be specified explicitly using 'hibernate.dialect' (remove the property setting and it will be selected by default)
[32m2024-02-25 22:24:59.899[0;39m [WARN] org.hibernate.orm.deprecation [main] HHH90000026: MySQL8Dialect has been deprecated; use org.hibernate.dialect.MySQLDialect instead
[32m2024-02-25 22:25:00.936[0;39m [INFO] org.hibernate.engine.transaction.jta.platform.internal.JtaPlatformInitiator [main] HHH000489: No JTA platform available (set 'hibernate.transaction.jta.platform' to enable JTA platform integration)
[32m2024-02-25 22:25:01.100[0;39m [INFO] org.springframework.orm.jpa.LocalContainerEntityManagerFactoryBean [main] Initialized JPA EntityManagerFactory for persistence unit 'default'
[32m2024-02-25 22:25:01.509[0;39m [INFO] org.springframework.data.jpa.repository.query.QueryEnhancerFactory [main] Hibernate is in classpath; If applicable, HQL parser will be used.
[32m2024-02-25 22:25:02.225[0;39m [WARN] org.springframework.boot.autoconfigure.orm.jpa.JpaBaseConfiguration$JpaWebConfiguration [main] spring.jpa.open-in-view is enabled by default. Therefore, database queries may be performed during view rendering. Explicitly configure spring.jpa.open-in-view to disable this warning
[32m2024-02-25 22:25:02.940[0;39m [INFO] org.springframework.security.web.DefaultSecurityFilterChain [main] Will secure any request with [org.springframework.security.web.session.DisableEncodeUrlFilter@136bd1d1, org.springframework.security.web.context.request.async.WebAsyncManagerIntegrationFilter@45fa7f1a, org.springframework.security.web.context.SecurityContextHolderFilter@25e7e6d, org.springframework.security.web.header.HeaderWriterFilter@19bd1f98, org.springframework.web.filter.CorsFilter@b21cbbf, org.springframework.security.web.authentication.logout.LogoutFilter@31829b82, com.hexaware.roadready.filter.JwtAuthFilter@3da12ba4, org.springframework.security.web.savedrequest.RequestCacheAwareFilter@53d257e7, org.springframework.security.web.servletapi.SecurityContextHolderAwareRequestFilter@56b5de49, org.springframework.security.web.authentication.AnonymousAuthenticationFilter@74d736f8, org.springframework.security.web.session.SessionManagementFilter@66161fee, org.springframework.security.web.access.ExceptionTranslationFilter@6e11d059, org.springframework.security.web.access.intercept.AuthorizationFilter@3edd135d]
[32m2024-02-25 22:25:03.223[0;39m [INFO] org.springframework.boot.web.embedded.tomcat.TomcatWebServer [main] Tomcat started on port(s): 8080 (http) with context path ''
[32m2024-02-25 22:25:03.231[0;39m [INFO] com.hexaware.roadready.RoadReadyApplication [main] Started RoadReadyApplication in 6.644 seconds (process running for 7.426)
[32m2024-02-25 22:29:22.614[0;39m [INFO] org.apache.catalina.core.ContainerBase.[Tomcat].[localhost].[/] [http-nio-8080-exec-1] Initializing Spring DispatcherServlet 'dispatcherServlet'
[32m2024-02-25 22:29:22.614[0;39m [INFO] org.springframework.web.servlet.DispatcherServlet [http-nio-8080-exec-1] Initializing Servlet 'dispatcherServlet'
[32m2024-02-25 22:29:22.616[0;39m [INFO] org.springframework.web.servlet.DispatcherServlet [http-nio-8080-exec-1] Completed initialization in 2 ms
[32m2024-02-25 22:29:23.065[0;39m [INFO] com.hexaware.roadready.restcontroller.AgentRestController [http-nio-8080-exec-2] Token: eyJhbGciOiJIUzI1NiJ9.eyJyb2xlIjoiUk9MRV9BRE1JTiIsInN1YiI6ImFkbWlubWFpbiIsImlhdCI6MTcwODg4MDM2MywiZXhwIjoxNzA4ODgzOTYzfQ.1EddUww5N1KWSYPsi2zMY_kadDvWjNI40FWpC_4jXFI
[32m2024-02-25 22:29:47.307[0;39m [INFO] com.hexaware.roadready.restcontroller.AgentRestController [http-nio-8080-exec-5] Token: eyJhbGciOiJIUzI1NiJ9.eyJyb2xlIjoiUk9MRV9BRE1JTiIsInN1YiI6ImFkbWlubWFpbiIsImlhdCI6MTcwODg4MDM4NywiZXhwIjoxNzA4ODgzOTg3fQ.1VqTPwQ3K6yhAjdmMuxsvPNd_WTJ0U07tQFzSahIAkg
[32m2024-02-25 22:30:28.579[0;39m [INFO] com.hexaware.roadready.restcontroller.AgentRestController [http-nio-8080-exec-8] Token: eyJhbGciOiJIUzI1NiJ9.eyJyb2xlIjoiUk9MRV9DVVNUT01FUiIsInN1YiI6ImpvaG5kb2UiLCJpYXQiOjE3MDg4ODA0MjgsImV4cCI6MTcwODg4NDAyOH0.jSdv8JDF_IYWS8HZCMrCg9kdAc6haj_ocEmEFLpq4q8
[32m2024-02-25 22:31:28.191[0;39m [INFO] com.hexaware.roadready.restcontroller.AgentRestController [http-nio-8080-exec-1] Token: eyJhbGciOiJIUzI1NiJ9.eyJyb2xlIjoiUk9MRV9BRE1JTiIsInN1YiI6ImFkbWlubWFpbiIsImlhdCI6MTcwODg4MDQ4OCwiZXhwIjoxNzA4ODg0MDg4fQ.IYogpJRA2znZxOS619Yh1bnV4s8jaaYIXfe8isouw4c
[32m2024-02-25 22:39:36.882[0;39m [INFO] com.hexaware.roadready.restcontroller.AgentRestController [http-nio-8080-exec-4] Token: eyJhbGciOiJIUzI1NiJ9.eyJyb2xlIjoiUk9MRV9BRE1JTiIsInN1YiI6ImFkbWlubWFpbiIsImlhdCI6MTcwODg4MDk3NiwiZXhwIjoxNzA4ODg0NTc2fQ.EKHaR80CzQFnCAAyeX3vWzcCIXe_79TOuk6n7_GP-Dw
[32m2024-02-25 22:41:04.077[0;39m [INFO] com.hexaware.roadready.restcontroller.AgentRestController [http-nio-8080-exec-6] Now adding agent using addAgent method
[32m2024-02-25 22:41:04.105[0;39m [INFO] com.hexaware.roadready.service.AgentServiceImpl [http-nio-8080-exec-6] New Agent added
[32m2024-02-25 22:48:08.725[0;39m [INFO] org.springframework.boot.admin.SpringApplicationAdminMXBeanRegistrar$SpringApplicationAdmin [RMI TCP Connection(31)-127.0.0.1] Application shutdown requested.
[32m2024-02-25 22:48:09.033[0;39m [INFO] org.apache.catalina.core.StandardService [RMI TCP Connection(31)-127.0.0.1] Stopping service [Tomcat]
[32m2024-02-25 22:48:09.059[0;39m [INFO] org.apache.catalina.core.ContainerBase.[Tomcat].[localhost].[/] [RMI TCP Connection(31)-127.0.0.1] Destroying Spring FrameworkServlet 'dispatcherServlet'
[32m2024-02-25 22:48:09.114[0;39m [WARN] org.apache.catalina.loader.WebappClassLoaderBase [RMI TCP Connection(31)-127.0.0.1] The web application [ROOT] appears to have started a thread named [HikariPool-1 housekeeper] but has failed to stop it. This is very likely to create a memory leak. Stack trace of thread:
 java.base@17.0.9/jdk.internal.misc.Unsafe.park(Native Method)
 java.base@17.0.9/java.util.concurrent.locks.LockSupport.parkNanos(LockSupport.java:252)
 java.base@17.0.9/java.util.concurrent.locks.AbstractQueuedSynchronizer$ConditionObject.awaitNanos(AbstractQueuedSynchronizer.java:1672)
 java.base@17.0.9/java.util.concurrent.ScheduledThreadPoolExecutor$DelayedWorkQueue.take(ScheduledThreadPoolExecutor.java:1182)
 java.base@17.0.9/java.util.concurrent.ScheduledThreadPoolExecutor$DelayedWorkQueue.take(ScheduledThreadPoolExecutor.java:899)
 java.base@17.0.9/java.util.concurrent.ThreadPoolExecutor.getTask(ThreadPoolExecutor.java:1062)
 java.base@17.0.9/java.util.concurrent.ThreadPoolExecutor.runWorker(ThreadPoolExecutor.java:1122)
 java.base@17.0.9/java.util.concurrent.ThreadPoolExecutor$Worker.run(ThreadPoolExecutor.java:635)
 java.base@17.0.9/java.lang.Thread.run(Thread.java:840)
[32m2024-02-25 22:48:09.207[0;39m [INFO] org.springframework.orm.jpa.LocalContainerEntityManagerFactoryBean [RMI TCP Connection(31)-127.0.0.1] Closing JPA EntityManagerFactory for persistence unit 'default'
[32m2024-02-25 22:48:09.262[0;39m [INFO] com.zaxxer.hikari.HikariDataSource [RMI TCP Connection(31)-127.0.0.1] HikariPool-1 - Shutdown initiated...
[32m2024-02-25 22:48:09.348[0;39m [INFO] com.zaxxer.hikari.HikariDataSource [RMI TCP Connection(31)-127.0.0.1] HikariPool-1 - Shutdown completed.
